#
# There is insufficient memory for the Java Runtime Environment to continue.
# Native memory allocation (malloc) failed to allocate 143654912 bytes for committing reserved memory.
# Possible reasons:
#   The system is out of physical RAM or swap space
#   In 32 bit mode, the process size limit was hit
# Possible solutions:
#   Reduce memory load on the system
#   Increase physical memory or swap space
#   Check if swap backing store is full
#   Use 64 bit Java on a 64 bit OS
#   Decrease Java heap size (-Xmx/-Xms)
#   Decrease number of Java threads
#   Decrease Java thread stack sizes (-Xss)
#   Set larger code cache with -XX:ReservedCodeCacheSize=
# This output file may be truncated or incomplete.
#
#  Out of Memory Error (os_linux.cpp:2718), pid=7719, tid=139889038571264
#
# JRE version: Java(TM) SE Runtime Environment (7.0_40-b43) (build 1.7.0_40-b43)
# Java VM: Java HotSpot(TM) 64-Bit Server VM (24.0-b56 mixed mode linux-amd64 compressed oops)
# Failed to write core dump. Core dumps have been disabled. To enable core dumping, try "ulimit -c unlimited" before starting Java again
#

---------------  T H R E A D  ---------------

Current thread (0x00007f3a7c069800):  VMThread [stack: 0x00007f3a7463b000,0x00007f3a7473c000] [id=7727]

Stack: [0x00007f3a7463b000,0x00007f3a7473c000],  sp=0x00007f3a7473a1f0,  free space=1020k
Native frames: (J=compiled Java code, j=interpreted, Vv=VM code, C=native code)
V  [libjvm.so+0x99242a]  VMError::report_and_die()+0x2ea
V  [libjvm.so+0x49316b]  report_vm_out_of_memory(char const*, int, unsigned long, char const*)+0x9b
V  [libjvm.so+0x8128de]  os::Linux::commit_memory_impl(char*, unsigned long, bool)+0xfe
V  [libjvm.so+0x812d8f]  os::Linux::commit_memory_impl(char*, unsigned long, unsigned long, bool)+0x4f
V  [libjvm.so+0x812f4c]  os::pd_commit_memory(char*, unsigned long, unsigned long, bool)+0xc
V  [libjvm.so+0x80d03a]  os::commit_memory(char*, unsigned long, unsigned long, bool)+0x2a
V  [libjvm.so+0x87f203]  PSVirtualSpace::expand_by(unsigned long)+0x53
V  [libjvm.so+0x8805d8]  PSYoungGen::resize_generation(unsigned long, unsigned long)+0xf8
V  [libjvm.so+0x87f742]  PSYoungGen::resize(unsigned long, unsigned long)+0x22
V  [libjvm.so+0x87cbdb]  PSScavenge::invoke_no_policy()+0xf3b
V  [libjvm.so+0x87d341]  PSScavenge::invoke()+0x41
V  [libjvm.so+0x834440]  ParallelScavengeHeap::failed_mem_allocate(unsigned long)+0x70
V  [libjvm.so+0x993cc7]  VM_ParallelGCFailedAllocation::doit()+0x97
V  [libjvm.so+0x99b0f5]  VM_Operation::evaluate()+0x55
V  [libjvm.so+0x99952a]  VMThread::evaluate_operation(VM_Operation*)+0xba
V  [libjvm.so+0x9998ae]  VMThread::loop()+0x1ce
V  [libjvm.so+0x999d20]  VMThread::run()+0x70
V  [libjvm.so+0x814a58]  java_start(Thread*)+0x108

VM_Operation (0x00007f3a66a9f440): ParallelGCFailedAllocation, mode: safepoint, requested by thread 0x00007f3a38007800


---------------  P R O C E S S  ---------------

Java Threads: ( => current thread )
  0x00007f3a3c351800 JavaThread "Listen for file lock access requests from other processes" [_thread_in_native, id=7748, stack(0x00007f3a6644b000,0x00007f3a6654c000)]
  0x00007f3a3c2e3000 JavaThread "process reaper" daemon [_thread_blocked, id=7747, stack(0x00007f3a6654c000,0x00007f3a66585000)]
  0x00007f3a3c018000 JavaThread "Stdin handler" [_thread_blocked, id=7745, stack(0x00007f3a667a6000,0x00007f3a668a7000)]
  0x00007f3a3c005800 JavaThread "Handler for socket connection at /127.0.0.1:59358 with /127.0.0.1:45669" [_thread_in_native, id=7742, stack(0x00007f3a668a7000,0x00007f3a669a8000)]
  0x00007f3a38007800 JavaThread "Daemon" [_thread_blocked, id=7741, stack(0x00007f3a669a8000,0x00007f3a66aa9000)]
  0x00007f3a7c2f2000 JavaThread "Incoming local TCP Connector on port 59358" [_thread_in_native, id=7740, stack(0x00007f3a66aa9000,0x00007f3a66baa000)]
  0x00007f3a7c096800 JavaThread "Service Thread" daemon [_thread_blocked, id=7733, stack(0x00007f3a74035000,0x00007f3a74136000)]
  0x00007f3a7c094000 JavaThread "C2 CompilerThread1" daemon [_thread_blocked, id=7732, stack(0x00007f3a74136000,0x00007f3a74237000)]
  0x00007f3a7c091000 JavaThread "C2 CompilerThread0" daemon [_thread_blocked, id=7731, stack(0x00007f3a74237000,0x00007f3a74338000)]
  0x00007f3a7c087000 JavaThread "Signal Dispatcher" daemon [_thread_blocked, id=7730, stack(0x00007f3a74338000,0x00007f3a74439000)]
  0x00007f3a7c06f800 JavaThread "Finalizer" daemon [_thread_blocked, id=7729, stack(0x00007f3a74439000,0x00007f3a7453a000)]
  0x00007f3a7c06b800 JavaThread "Reference Handler" daemon [_thread_blocked, id=7728, stack(0x00007f3a7453a000,0x00007f3a7463b000)]
  0x00007f3a7c00a000 JavaThread "main" [_thread_blocked, id=7721, stack(0x00007f3a8223f000,0x00007f3a82340000)]

Other Threads:
=>0x00007f3a7c069800 VMThread [stack: 0x00007f3a7463b000,0x00007f3a7473c000] [id=7727]
  0x00007f3a7c0a1000 WatcherThread [stack: 0x00007f3a6781c000,0x00007f3a6791d000] [id=7734]

VM state:at safepoint (normal execution)

VM Mutex/Monitor currently owned by a thread:  ([mutex/lock_event])
[0x00007f3a7c006390] Threads_lock - owner thread: 0x00007f3a7c069800
[0x00007f3a7c006890] Heap_lock - owner thread: 0x00007f3a38007800

Heap
 PSYoungGen      total 142336K, used 11776K [0x00000000eb600000, 0x00000000f4d00000, 0x0000000100000000)
  eden space 130560K, 0% used [0x00000000eb600000,0x00000000eb600000,0x00000000f3580000)
  from space 11776K, 100% used [0x00000000f3580000,0x00000000f4100000,0x00000000f4100000)
  to   space 11264K, 0% used [0x00000000f4100000,0x00000000f4100000,0x00000000f4c00000)
 ParOldGen       total 41984K, used 24811K [0x00000000c2200000, 0x00000000c4b00000, 0x00000000eb600000)
  object space 41984K, 59% used [0x00000000c2200000,0x00000000c3a3ae00,0x00000000c4b00000)
 PSPermGen       total 27648K, used 27248K [0x00000000bd000000, 0x00000000beb00000, 0x00000000c2200000)
  object space 27648K, 98% used [0x00000000bd000000,0x00000000bea9c138,0x00000000beb00000)

Card table byte_map: [0x00007f3a78165000,0x00007f3a7837e000] byte_map_base: 0x00007f3a77b7d000

Polling page: 0x00007f3a82365000

Code Cache  [0x00007f3a7837e000, 0x00007f3a7861e000, 0x00007f3a7b37e000)
 total_blobs=898 nmethods=343 adapters=507 free_code_cache=46606Kb largest_free_block=47614848

Compilation events (10 events):
Event: 10.326 Thread 0x00007f3a7c091000 nmethod 356 0x00007f3a785741d0 code [0x00007f3a78574340, 0x00007f3a78574818]
Event: 10.326 Thread 0x00007f3a7c091000  357             java.util.WeakHashMap::getTable (9 bytes)
Event: 10.327 Thread 0x00007f3a7c091000 nmethod 357 0x00007f3a78546d50 code [0x00007f3a78546ea0, 0x00007f3a78546f28]
Event: 10.327 Thread 0x00007f3a7c091000  358             java.util.WeakHashMap::maskNull (12 bytes)
Event: 10.327 Thread 0x00007f3a7c091000 nmethod 358 0x00007f3a78547810 code [0x00007f3a78547940, 0x00007f3a78547998]
Event: 10.327 Thread 0x00007f3a7c091000  359             java.util.WeakHashMap::hash (65 bytes)
Event: 10.328 Thread 0x00007f3a7c091000 nmethod 359 0x00007f3a78578fd0 code [0x00007f3a78579140, 0x00007f3a785792c8]
Event: 10.328 Thread 0x00007f3a7c091000  360             groovy.lang.MetaClassImpl::findPropertyMethod (356 bytes)
Event: 10.348 Thread 0x00007f3a7c094000 nmethod 350 0x00007f3a785d9a90 code [0x00007f3a785da100, 0x00007f3a785dceb0]
Event: 10.348 Thread 0x00007f3a7c094000  361             java.lang.Class::privateGetPublicMethods (263 bytes)

GC Heap History (10 events):
Event: 0.970 GC heap after
Heap after GC invocations=2 (full 0):
 PSYoungGen      total 35328K, used 2548K [0x00000000eb600000, 0x00000000edb00000, 0x0000000100000000)
  eden space 32768K, 0% used [0x00000000eb600000,0x00000000eb600000,0x00000000ed600000)
  from space 2560K, 99% used [0x00000000ed880000,0x00000000edafd360,0x00000000edb00000)
  to   space 2560K, 0% used [0x00000000ed600000,0x00000000ed600000,0x00000000ed880000)
 ParOldGen       total 41984K, used 2316K [0x00000000c2200000, 0x00000000c4b00000, 0x00000000eb600000)
  object space 41984K, 5% used [0x00000000c2200000,0x00000000c2443238,0x00000000c4b00000)
 PSPermGen       total 21504K, used 9804K [0x00000000bd000000, 0x00000000be500000, 0x00000000c2200000)
  object space 21504K, 45% used [0x00000000bd000000,0x00000000bd993370,0x00000000be500000)
}
Event: 1.606 GC heap before
{Heap before GC invocations=3 (full 0):
 PSYoungGen      total 35328K, used 35316K [0x00000000eb600000, 0x00000000edb00000, 0x0000000100000000)
  eden space 32768K, 100% used [0x00000000eb600000,0x00000000ed600000,0x00000000ed600000)
  from space 2560K, 99% used [0x00000000ed880000,0x00000000edafd360,0x00000000edb00000)
  to   space 2560K, 0% used [0x00000000ed600000,0x00000000ed600000,0x00000000ed880000)
 ParOldGen       total 41984K, used 2316K [0x00000000c2200000, 0x00000000c4b00000, 0x00000000eb600000)
  object space 41984K, 5% used [0x00000000c2200000,0x00000000c2443238,0x00000000c4b00000)
 PSPermGen       total 21504K, used 13840K [0x00000000bd000000, 0x00000000be500000, 0x00000000c2200000)
  object space 21504K, 64% used [0x00000000bd000000,0x00000000bdd84018,0x00000000be500000)
Event: 1.622 GC heap after
Heap after GC invocations=3 (full 0):
 PSYoungGen      total 35328K, used 2528K [0x00000000eb600000, 0x00000000efb00000, 0x0000000100000000)
  eden space 32768K, 0% used [0x00000000eb600000,0x00000000eb600000,0x00000000ed600000)
  from space 2560K, 98% used [0x00000000ed600000,0x00000000ed878020,0x00000000ed880000)
  to   space 2560K, 0% used [0x00000000ef880000,0x00000000ef880000,0x00000000efb00000)
 ParOldGen       total 41984K, used 6903K [0x00000000c2200000, 0x00000000c4b00000, 0x00000000eb600000)
  object space 41984K, 16% used [0x00000000c2200000,0x00000000c28bdc60,0x00000000c4b00000)
 PSPermGen       total 21504K, used 13840K [0x00000000bd000000, 0x00000000be500000, 0x00000000c2200000)
  object space 21504K, 64% used [0x00000000bd000000,0x00000000bdd84018,0x00000000be500000)
}
Event: 2.405 GC heap before
{Heap before GC invocations=4 (full 0):
 PSYoungGen      total 35328K, used 35296K [0x00000000eb600000, 0x00000000efb00000, 0x0000000100000000)
  eden space 32768K, 100% used [0x00000000eb600000,0x00000000ed600000,0x00000000ed600000)
  from space 2560K, 98% used [0x00000000ed600000,0x00000000ed878020,0x00000000ed880000)
  to   space 2560K, 0% used [0x00000000ef880000,0x00000000ef880000,0x00000000efb00000)
 ParOldGen       total 41984K, used 6903K [0x00000000c2200000, 0x00000000c4b00000, 0x00000000eb600000)
  object space 41984K, 16% used [0x00000000c2200000,0x00000000c28bdc60,0x00000000c4b00000)
 PSPermGen       total 21504K, used 16815K [0x00000000bd000000, 0x00000000be500000, 0x00000000c2200000)
  object space 21504K, 78% used [0x00000000bd000000,0x00000000be06bcf8,0x00000000be500000)
Event: 2.422 GC heap after
Heap after GC invocations=4 (full 0):
 PSYoungGen      total 68096K, used 2560K [0x00000000eb600000, 0x00000000efb00000, 0x0000000100000000)
  eden space 65536K, 0% used [0x00000000eb600000,0x00000000eb600000,0x00000000ef600000)
  from space 2560K, 100% used [0x00000000ef880000,0x00000000efb00000,0x00000000efb00000)
  to   space 2560K, 0% used [0x00000000ef600000,0x00000000ef600000,0x00000000ef880000)
 ParOldGen       total 41984K, used 11327K [0x00000000c2200000, 0x00000000c4b00000, 0x00000000eb600000)
  object space 41984K, 26% used [0x00000000c2200000,0x00000000c2d0fc58,0x00000000c4b00000)
 PSPermGen       total 21504K, used 16815K [0x00000000bd000000, 0x00000000be500000, 0x00000000c2200000)
  object space 21504K, 78% used [0x00000000bd000000,0x00000000be06bcf8,0x00000000be500000)
}
Event: 4.436 GC heap before
{Heap before GC invocations=5 (full 0):
 PSYoungGen      total 68096K, used 68096K [0x00000000eb600000, 0x00000000efb00000, 0x0000000100000000)
  eden space 65536K, 100% used [0x00000000eb600000,0x00000000ef600000,0x00000000ef600000)
  from space 2560K, 100% used [0x00000000ef880000,0x00000000efb00000,0x00000000efb00000)
  to   space 2560K, 0% used [0x00000000ef600000,0x00000000ef600000,0x00000000ef880000)
 ParOldGen       total 41984K, used 11327K [0x00000000c2200000, 0x00000000c4b00000, 0x00000000eb600000)
  object space 41984K, 26% used [0x00000000c2200000,0x00000000c2d0fc58,0x00000000c4b00000)
 PSPermGen       total 22016K, used 21673K [0x00000000bd000000, 0x00000000be580000, 0x00000000c2200000)
  object space 22016K, 98% used [0x00000000bd000000,0x00000000be52a488,0x00000000be580000)
Event: 4.472 GC heap after
Heap after GC invocations=5 (full 0):
 PSYoungGen      total 68096K, used 2528K [0x00000000eb600000, 0x00000000f4c00000, 0x0000000100000000)
  eden space 65536K, 0% used [0x00000000eb600000,0x00000000eb600000,0x00000000ef600000)
  from space 2560K, 98% used [0x00000000ef600000,0x00000000ef878020,0x00000000ef880000)
  to   space 11264K, 0% used [0x00000000f4100000,0x00000000f4100000,0x00000000f4c00000)
 ParOldGen       total 41984K, used 18552K [0x00000000c2200000, 0x00000000c4b00000, 0x00000000eb600000)
  object space 41984K, 44% used [0x00000000c2200000,0x00000000c341e398,0x00000000c4b00000)
 PSPermGen       total 22016K, used 21673K [0x00000000bd000000, 0x00000000be580000, 0x00000000c2200000)
  object space 22016K, 98% used [0x00000000bd000000,0x00000000be52a488,0x00000000be580000)
}
Event: 6.031 GC heap before
{Heap before GC invocations=6 (full 0):
 PSYoungGen      total 68096K, used 68064K [0x00000000eb600000, 0x00000000f4c00000, 0x0000000100000000)
  eden space 65536K, 100% used [0x00000000eb600000,0x00000000ef600000,0x00000000ef600000)
  from space 2560K, 98% used [0x00000000ef600000,0x00000000ef878020,0x00000000ef880000)
  to   space 11264K, 0% used [0x00000000f4100000,0x00000000f4100000,0x00000000f4c00000)
 ParOldGen       total 41984K, used 18552K [0x00000000c2200000, 0x00000000c4b00000, 0x00000000eb600000)
  object space 41984K, 44% used [0x00000000c2200000,0x00000000c341e398,0x00000000c4b00000)
 PSPermGen       total 24064K, used 23745K [0x00000000bd000000, 0x00000000be780000, 0x00000000c2200000)
  object space 24064K, 98% used [0x00000000bd000000,0x00000000be7306f0,0x00000000be780000)
Event: 6.069 GC heap after
Heap after GC invocations=6 (full 0):
 PSYoungGen      total 141824K, used 8438K [0x00000000eb600000, 0x00000000f4d00000, 0x0000000100000000)
  eden space 130560K, 0% used [0x00000000eb600000,0x00000000eb600000,0x00000000f3580000)
  from space 11264K, 74% used [0x00000000f4100000,0x00000000f493daa8,0x00000000f4c00000)
  to   space 11776K, 0% used [0x00000000f3580000,0x00000000f3580000,0x00000000f4100000)
 ParOldGen       total 41984K, used 18552K [0x00000000c2200000, 0x00000000c4b00000, 0x00000000eb600000)
  object space 41984K, 44% used [0x00000000c2200000,0x00000000c341e398,0x00000000c4b00000)
 PSPermGen       total 24064K, used 23745K [0x00000000bd000000, 0x00000000be780000, 0x00000000c2200000)
  object space 24064K, 98% used [0x00000000bd000000,0x00000000be7306f0,0x00000000be780000)
}
Event: 10.354 GC heap before
{Heap before GC invocations=7 (full 0):
 PSYoungGen      total 141824K, used 138998K [0x00000000eb600000, 0x00000000f4d00000, 0x0000000100000000)
  eden space 130560K, 100% used [0x00000000eb600000,0x00000000f3580000,0x00000000f3580000)
  from space 11264K, 74% used [0x00000000f4100000,0x00000000f493daa8,0x00000000f4c00000)
  to   space 11776K, 0% used [0x00000000f3580000,0x00000000f3580000,0x00000000f4100000)
 ParOldGen       total 41984K, used 18552K [0x00000000c2200000, 0x00000000c4b00000, 0x00000000eb600000)
  object space 41984K, 44% used [0x00000000c2200000,0x00000000c341e398,0x00000000c4b00000)
 PSPermGen       total 27648K, used 27248K [0x00000000bd000000, 0x00000000beb00000, 0x00000000c2200000)
  object space 27648K, 98% used [0x00000000bd000000,0x00000000bea9c138,0x00000000beb00000)

Deoptimization events (10 events):
Event: 4.190 Thread 0x00007f3a38007800 Uncommon trap: reason=array_check action=maybe_recompile pc=0x00007f3a785959b0 method=java.util.AbstractCollection.toArray([Ljava/lang/Object;)[Ljava/lang/Object; @ 119
Event: 4.190 Thread 0x00007f3a38007800 Uncommon trap: reason=array_check action=maybe_recompile pc=0x00007f3a785959b0 method=java.util.AbstractCollection.toArray([Ljava/lang/Object;)[Ljava/lang/Object; @ 119
Event: 4.190 Thread 0x00007f3a38007800 Uncommon trap: reason=array_check action=maybe_recompile pc=0x00007f3a785959b0 method=java.util.AbstractCollection.toArray([Ljava/lang/Object;)[Ljava/lang/Object; @ 119
Event: 4.677 Thread 0x00007f3a38007800 Uncommon trap: reason=unreached action=reinterpret pc=0x00007f3a7859c960 method=java.beans.Introspector.getTargetMethodInfo()[Ljava/beans/MethodDescriptor; @ 47
Event: 4.851 Thread 0x00007f3a38007800 Uncommon trap: reason=predicate action=maybe_recompile pc=0x00007f3a7843b5e8 method=java.util.ComparableTimSort.binarySort([Ljava/lang/Object;III)V @ 37
Event: 6.076 Thread 0x00007f3a38007800 Uncommon trap: reason=unreached action=reinterpret pc=0x00007f3a783f1684 method=java.lang.ref.ReferenceQueue.poll()Ljava/lang/ref/Reference; @ 4
Event: 6.994 Thread 0x00007f3a38007800 Uncommon trap: reason=bimorphic action=maybe_recompile pc=0x00007f3a78573704 method=java.util.regex.Pattern$BmpCharProperty.match(Ljava/util/regex/Matcher;ILjava/lang/CharSequence;)Z @ 31
Event: 6.994 Thread 0x00007f3a38007800 Uncommon trap: reason=bimorphic action=maybe_recompile pc=0x00007f3a78573704 method=java.util.regex.Pattern$BmpCharProperty.match(Ljava/util/regex/Matcher;ILjava/lang/CharSequence;)Z @ 31
Event: 6.994 Thread 0x00007f3a38007800 Uncommon trap: reason=bimorphic action=maybe_recompile pc=0x00007f3a7843dd74 method=java.util.regex.Pattern$Branch.match(Ljava/util/regex/Matcher;ILjava/lang/CharSequence;)Z @ 32
Event: 7.349 Thread 0x00007f3a38007800 Uncommon trap: reason=bimorphic action=maybe_recompile pc=0x00007f3a78573704 method=java.util.regex.Pattern$BmpCharProperty.match(Ljava/util/regex/Matcher;ILjava/lang/CharSequence;)Z @ 31

Internal exceptions (10 events):
Event: 10.354 Thread 0x00007f3a38007800 Threw 0x00000000f356b460 at /HUDSON/workspace/jdk7u40-2-build-linux-amd64-product/jdk7u40/hotspot/src/share/vm/prims/jvm.cpp:1244
Event: 10.354 Thread 0x00007f3a38007800 Threw 0x00000000f356c520 at /HUDSON/workspace/jdk7u40-2-build-linux-amd64-product/jdk7u40/hotspot/src/share/vm/prims/jvm.cpp:1244
Event: 10.354 Thread 0x00007f3a38007800 Threw 0x00000000f356d468 at /HUDSON/workspace/jdk7u40-2-build-linux-amd64-product/jdk7u40/hotspot/src/share/vm/prims/jvm.cpp:1244
Event: 10.354 Thread 0x00007f3a38007800 Threw 0x00000000f3573490 at /HUDSON/workspace/jdk7u40-2-build-linux-amd64-product/jdk7u40/hotspot/src/share/vm/prims/jvm.cpp:1244
Event: 10.354 Thread 0x00007f3a38007800 Threw 0x00000000f3573a58 at /HUDSON/workspace/jdk7u40-2-build-linux-amd64-product/jdk7u40/hotspot/src/share/vm/classfile/systemDictionary.cpp:185
Event: 10.354 Thread 0x00007f3a38007800 Threw 0x00000000f35753d0 at /HUDSON/workspace/jdk7u40-2-build-linux-amd64-product/jdk7u40/hotspot/src/share/vm/prims/jvm.cpp:1244
Event: 10.354 Thread 0x00007f3a38007800 Threw 0x00000000f3576530 at /HUDSON/workspace/jdk7u40-2-build-linux-amd64-product/jdk7u40/hotspot/src/share/vm/prims/jvm.cpp:1244
Event: 10.354 Thread 0x00007f3a38007800 Threw 0x00000000f357c8d8 at /HUDSON/workspace/jdk7u40-2-build-linux-amd64-product/jdk7u40/hotspot/src/share/vm/prims/jvm.cpp:1244
Event: 10.354 Thread 0x00007f3a38007800 Threw 0x00000000f357da28 at /HUDSON/workspace/jdk7u40-2-build-linux-amd64-product/jdk7u40/hotspot/src/share/vm/prims/jvm.cpp:1244
Event: 10.354 Thread 0x00007f3a38007800 Threw 0x00000000f357eb88 at /HUDSON/workspace/jdk7u40-2-build-linux-amd64-product/jdk7u40/hotspot/src/share/vm/prims/jvm.cpp:1244

Events (10 events):
Event: 10.353 loading class 0x00007f3a3c57b330 done
Event: 10.354 loading class 0x00007f3a3c57b330
Event: 10.354 loading class 0x00007f3a3c57b330 done
Event: 10.354 loading class 0x00007f3a3c57b330
Event: 10.354 loading class 0x00007f3a3c57b330 done
Event: 10.354 loading class 0x00007f3a3c57aa90
Event: 10.354 loading class 0x00007f3a3c57aa90 done
Event: 10.354 loading class 0x00007f3a3c57aa90
Event: 10.354 loading class 0x00007f3a3c57aa90 done
Event: 10.354 Executing VM operation: ParallelGCFailedAllocation


Dynamic libraries:
00400000-00401000 r-xp 00000000 08:21 3034588                            /usr/lib/jvm/java-7-oracle/bin/java
00600000-00601000 rw-p 00000000 08:21 3034588                            /usr/lib/jvm/java-7-oracle/bin/java
00e59000-00e7a000 rw-p 00000000 00:00 0                                  [heap]
bd000000-beb00000 rw-p 00000000 00:00 0 
beb00000-c2200000 rw-p 00000000 00:00 0 
c2200000-c4b00000 rw-p 00000000 00:00 0 
c4b00000-eb600000 rw-p 00000000 00:00 0 
eb600000-f4d00000 rw-p 00000000 00:00 0 
fd600000-100000000 rw-p 00000000 00:00 0 
7f3a28000000-7f3a28021000 rw-p 00000000 00:00 0 
7f3a28021000-7f3a2c000000 ---p 00000000 00:00 0 
7f3a2c000000-7f3a2c021000 rw-p 00000000 00:00 0 
7f3a2c021000-7f3a30000000 ---p 00000000 00:00 0 
7f3a30000000-7f3a30021000 rw-p 00000000 00:00 0 
7f3a30021000-7f3a34000000 ---p 00000000 00:00 0 
7f3a34000000-7f3a34021000 rw-p 00000000 00:00 0 
7f3a34021000-7f3a38000000 ---p 00000000 00:00 0 
7f3a38000000-7f3a38032000 rw-p 00000000 00:00 0 
7f3a38032000-7f3a3c000000 ---p 00000000 00:00 0 
7f3a3c000000-7f3a3d0d9000 rw-p 00000000 00:00 0 
7f3a3d0d9000-7f3a40000000 ---p 00000000 00:00 0 
7f3a40000000-7f3a40021000 rw-p 00000000 00:00 0 
7f3a40021000-7f3a44000000 ---p 00000000 00:00 0 
7f3a44000000-7f3a44021000 rw-p 00000000 00:00 0 
7f3a44021000-7f3a48000000 ---p 00000000 00:00 0 
7f3a48000000-7f3a494ee000 rw-p 00000000 00:00 0 
7f3a494ee000-7f3a4c000000 ---p 00000000 00:00 0 
7f3a4c000000-7f3a4d7a1000 rw-p 00000000 00:00 0 
7f3a4d7a1000-7f3a50000000 ---p 00000000 00:00 0 
7f3a50000000-7f3a50021000 rw-p 00000000 00:00 0 
7f3a50021000-7f3a54000000 ---p 00000000 00:00 0 
7f3a54000000-7f3a54021000 rw-p 00000000 00:00 0 
7f3a54021000-7f3a58000000 ---p 00000000 00:00 0 
7f3a58000000-7f3a5827a000 rw-p 00000000 00:00 0 
7f3a5827a000-7f3a5c000000 ---p 00000000 00:00 0 
7f3a5c000000-7f3a5c021000 rw-p 00000000 00:00 0 
7f3a5c021000-7f3a60000000 ---p 00000000 00:00 0 
7f3a60000000-7f3a60021000 rw-p 00000000 00:00 0 
7f3a60021000-7f3a64000000 ---p 00000000 00:00 0 
7f3a6623a000-7f3a6623b000 rw-p 00000000 00:00 0 
7f3a6623b000-7f3a6623c000 r--s 00002000 08:25 1073072                    /home/chrismar035/.gradle/caches/artifacts-26/filestore/net.sf.proguard/proguard-gradle/4.9/jar/5fe96520bb655c2b14455611c5325185cd68480/proguard-gradle-4.9.jar
7f3a6623c000-7f3a6624b000 r--s 000bd000 08:25 1073071                    /home/chrismar035/.gradle/caches/artifacts-26/filestore/net.sf.proguard/proguard-base/4.9/jar/d775b989e9a0a86ec3d3c0a5121c0530a2d0401f/proguard-base-4.9.jar
7f3a6624b000-7f3a6624e000 r--s 0001b000 08:25 1073070                    /home/chrismar035/.gradle/caches/artifacts-26/filestore/com.android.tools.build/builder/0.5.7/jar/39fa38fc2057688d3df10c8b908042e416d9b24e/builder-0.5.7.jar
7f3a6624e000-7f3a6625c000 r--s 00081000 08:25 1073069                    /home/chrismar035/.gradle/caches/artifacts-26/filestore/org.bouncycastle/bcpkix-jdk15on/1.48/jar/28b7614b908a47844bb27e3c94b45b6893656265/bcpkix-jdk15on-1.48.jar
7f3a6625c000-7f3a6628f000 r--s 00203000 08:25 1073068                    /home/chrismar035/.gradle/caches/artifacts-26/filestore/org.bouncycastle/bcprov-jdk15on/1.48/jar/960dea7c9181ba0b17e8bab0c06a43f0a5f04e65/bcprov-jdk15on-1.48.jar
7f3a6628f000-7f3a66290000 r--s 00001000 08:25 1073067                    /home/chrismar035/.gradle/caches/artifacts-26/filestore/com.android.tools.build/builder-model/0.5.7/jar/ac435229efcc82b4f386110930a2f6909d8a93b0/builder-model-0.5.7.jar
7f3a66290000-7f3a66291000 r--s 00000000 08:25 1073066                    /home/chrismar035/.gradle/caches/artifacts-26/filestore/com.android.tools.build/builder-test-api/0.5.7/jar/fadde6eee0b72a1016e1de455997921f3cb13573/builder-test-api-0.5.7.jar
7f3a66291000-7f3a66296000 r--s 0003b000 08:25 1073065                    /home/chrismar035/.gradle/caches/artifacts-26/filestore/com.android.tools.ddms/ddmlib/22.2.0/jar/23e3070fe813aa72378817c80b331dbc002b921b/ddmlib-22.2.0.jar
7f3a66296000-7f3a66298000 r--s 00008000 08:25 1073064                    /home/chrismar035/.gradle/caches/artifacts-26/filestore/com.android.tools.build/manifest-merger/22.2.0/jar/fbd721a6897efccdaf34cf8ed5d07b35cb29886e/manifest-merger-22.2.0.jar
7f3a66298000-7f3a6629a000 r--s 00010000 08:25 1073063                    /home/chrismar035/.gradle/caches/artifacts-26/filestore/com.android.tools.lint/lint/22.2.0/jar/f1550a6d06bf9ee86e32de45088959ee54fba2cf/lint-22.2.0.jar
7f3a6629a000-7f3a6629f000 r--s 0006c000 08:25 1073062                    /home/chrismar035/.gradle/caches/artifacts-26/filestore/com.android.tools.lint/lint-checks/22.2.0/jar/f35f8476946ff7bd4190144649d4ef0fd52e1da9/lint-checks-22.2.0.jar
7f3a6629f000-7f3a662a0000 r--s 00004000 08:25 1073061                    /home/chrismar035/.gradle/caches/artifacts-26/filestore/org.ow2.asm/asm-analysis/4.0/jar/1c45d52b6f6c638db13cf3ac12adeb56b254cdd7/asm-analysis-4.0.jar
7f3a662a0000-7f3a662a3000 r--s 00021000 08:25 1073060                    /home/chrismar035/.gradle/caches/artifacts-26/filestore/com.android.tools.lint/lint-api/22.2.0/jar/9e5ebf0b1a564121a9d56dbd9e3bdfc07be0dc69/lint-api-22.2.0.jar
7f3a662a3000-7f3a662a5000 r--s 00004000 08:25 1073059                    /home/chrismar035/.gradle/caches/artifacts-26/filestore/org.ow2.asm/asm-tree/4.0/jar/67bd266cd17adcee486b76952ece4cc85fe248b8/asm-tree-4.0.jar
7f3a662a5000-7f3a662b4000 r--s 000f4000 08:25 1073058                    /home/chrismar035/.gradle/caches/artifacts-26/filestore/com.android.tools.external.lombok/lombok-ast/0.2.1/jar/27891a8ce600fd3e70b66e3501ce43a8996268a8/lombok-ast-0.2.1.jar
7f3a662b4000-7f3a662b6000 r--s 0000a000 08:25 1073057                    /home/chrismar035/.gradle/caches/artifacts-26/filestore/org.ow2.asm/asm/4.0/jar/659add6efc75a4715d738e73f07505246edf4d66/asm-4.0.jar
7f3a662b6000-7f3a662ba000 r--s 00039000 08:25 1073056                    /home/chrismar035/.gradle/caches/artifacts-26/filestore/com.android.tools/sdk-common/22.2.0/jar/a9dee9482cfa1c7a44938645e81e531b7ad4ca99/sdk-common-22.2.0.jar
7f3a662ba000-7f3a662c2000 r--s 00088000 08:25 1073055                    /home/chrismar035/.gradle/caches/artifacts-26/filestore/com.android.tools/sdklib/22.2.0/jar/c354331fbac738189ae8048d3e35f89c21c7f154/sdklib-22.2.0.jar
7f3a662c2000-7f3a662c6000 r--s 00020000 08:25 1073054                    /home/chrismar035/.gradle/caches/artifacts-26/filestore/org.apache.commons/commons-compress/1.0/jar/995ae384a0b1e2c66269e6bc5198db8561fb45a2/commons-compress-1.0.jar
7f3a662c6000-7f3a662c8000 r--s 00005000 08:25 1073053                    /home/chrismar035/.gradle/caches/artifacts-26/filestore/org.apache.httpcomponents/httpmime/4.1/jar/9ba2dcdf94ce35c8a8e9bff242db0618ca932e92/httpmime-4.1.jar
7f3a662c8000-7f3a662d0000 r--s 0004e000 08:25 1073052                    /home/chrismar035/.gradle/caches/artifacts-26/filestore/org.apache.httpcomponents/httpclient/4.1.1/jar/3d1d918f32709e33ba7ddb2c4e8d1c543ebe713e/httpclient-4.1.1.jar
7f3a662d0000-7f3a662d2000 r--s 0000d000 08:25 1073051                    /home/chrismar035/.gradle/caches/artifacts-26/filestore/commons-codec/commons-codec/1.4/jar/4216af16d38465bbab0f3dff8efa14204f7a399a/commons-codec-1.4.jar
7f3a662d2000-7f3a662d4000 r--s 0000d000 08:25 1073050                    /home/chrismar035/.gradle/caches/artifacts-26/filestore/commons-logging/commons-logging/1.1.1/jar/5043bfebc3db072ed80fbd362e7caf00e885d8ae/commons-logging-1.1.1.jar
7f3a662d4000-7f3a662d9000 r--s 00028000 08:25 1073049                    /home/chrismar035/.gradle/caches/artifacts-26/filestore/org.apache.httpcomponents/httpcore/4.1/jar/33fc26c02f8043ab0ede19eadc8c9885386b255c/httpcore-4.1.jar
7f3a662d9000-7f3a662da000 r--s 00003000 08:25 1073048                    /home/chrismar035/.gradle/caches/artifacts-26/filestore/com.android.tools/dvlib/22.2.0/jar/bcf2f438396c6b65e96dd7cd6f73690e30afd24b/dvlib-22.2.0.jar
7f3a662da000-7f3a662dd000 r--s 0000f000 08:25 1073047                    /home/chrismar035/.gradle/caches/artifacts-26/filestore/com.android.tools.layoutlib/layoutlib-api/22.2.0/jar/d0b41f9d73f7d15d004306a732aa59c1f55a2d37/layoutlib-api-22.2.0.jar
7f3a662dd000-7f3a662de000 r--s 0000a000 08:25 1073046                    /home/chrismar035/.gradle/caches/artifacts-26/filestore/net.sf.kxml/kxml2/2.3.0/jar/ccbc77a5fd907ef863c29f3596c6f54ffa4e9442/kxml2-2.3.0.jar
7f3a662de000-7f3a662e0000 r--s 00010000 08:25 1073045                    /home/chrismar035/.gradle/caches/artifacts-26/filestore/com.android.tools/common/22.2.0/jar/b1b4778ae58c5bcac4c3b1e26e4c29a7a66df506/common-22.2.0.jar
7f3a662e0000-7f3a66304000 r--s 001aa000 08:25 1073044                    /home/chrismar035/.gradle/caches/artifacts-26/filestore/com.google.guava/guava/13.0.1/jar/d6f22b1e60a2f1ef99e22c9f5fde270b2088365/guava-13.0.1.jar
7f3a66304000-7f3a6630d000 r--s 000a4000 08:25 1073043                    /home/chrismar035/.gradle/caches/artifacts-26/filestore/com.android.tools.build/gradle/0.5.7/jar/fe0a5c723e869574631bdc5276a1367f90b522cc/gradle-0.5.7.jar
7f3a6630d000-7f3a66316000 r--s 00250000 08:21 3076718                    /usr/lib/jvm/java-7-oracle/jre/lib/resources.jar
7f3a66316000-7f3a66317000 r--s 00002000 08:25 1072884                    /home/chrismar035/.gradle/wrapper/dists/gradle-1.7-bin/2g3i7gan25uopmtc0lnjb1l9ff/gradle-1.7/lib/plugins/gradle-language-base-1.7.jar
7f3a66317000-7f3a66318000 r--s 00004000 08:25 1072883                    /home/chrismar035/.gradle/wrapper/dists/gradle-1.7-bin/2g3i7gan25uopmtc0lnjb1l9ff/gradle-1.7/lib/plugins/gradle-language-jvm-1.7.jar
7f3a66318000-7f3a6631c000 r--s 00025000 08:25 1072882                    /home/chrismar035/.gradle/wrapper/dists/gradle-1.7-bin/2g3i7gan25uopmtc0lnjb1l9ff/gradle-1.7/lib/plugins/gradle-build-setup-1.7.jar
7f3a6631c000-7f3a6631f000 r--s 00020000 08:25 1072881                    /home/chrismar035/.gradle/wrapper/dists/gradle-1.7-bin/2g3i7gan25uopmtc0lnjb1l9ff/gradle-1.7/lib/plugins/gradle-jacoco-1.7.jar
7f3a6631f000-7f3a66321000 r--s 0000d000 08:25 1072880                    /home/chrismar035/.gradle/wrapper/dists/gradle-1.7-bin/2g3i7gan25uopmtc0lnjb1l9ff/gradle-1.7/lib/plugins/gradle-ivy-1.7.jar
7f3a66321000-7f3a66323000 r--s 00002000 08:25 1072879                    /home/chrismar035/.gradle/wrapper/dists/gradle-1.7-bin/2g3i7gan25uopmtc0lnjb1l9ff/gradle-1.7/lib/plugins/gradle-publish-1.7.jar
7f3a66323000-7f3a66325000 r--s 00005000 08:25 1072886                    /home/chrismar035/.gradle/wrapper/dists/gradle-1.7-bin/2g3i7gan25uopmtc0lnjb1l9ff/gradle-1.7/lib/plugins/jatl-0.2.2.jar
7f3a66325000-7f3a66327000 r--s 00007000 08:25 1072878                    /home/chrismar035/.gradle/wrapper/dists/gradle-1.7-bin/2g3i7gan25uopmtc0lnjb1l9ff/gradle-1.7/lib/plugins/gradle-reporting-1.7.jar
7f3a66327000-7f3a6632a000 r--s 0001a000 08:25 1072877                    /home/chrismar035/.gradle/wrapper/dists/gradle-1.7-bin/2g3i7gan25uopmtc0lnjb1l9ff/gradle-1.7/lib/plugins/gradle-diagnostics-1.7.jar
7f3a6632a000-7f3a66331000 r--s 00094000 08:25 1072876                    /home/chrismar035/.gradle/wrapper/dists/gradle-1.7-bin/2g3i7gan25uopmtc0lnjb1l9ff/gradle-1.7/lib/plugins/gradle-build-comparison-1.7.jar
7f3a66331000-7f3a66338000 r--s 00035000 08:25 1072925                    /home/chrismar035/.gradle/wrapper/dists/gradle-1.7-bin/2g3i7gan25uopmtc0lnjb1l9ff/gradle-1.7/lib/plugins/simple-4.1.21.jar
7f3a66338000-7f3a6633d000 r--s 0002a000 08:25 1072924                    /home/chrismar035/.gradle/wrapper/dists/gradle-1.7-bin/2g3i7gan25uopmtc0lnjb1l9ff/gradle-1.7/lib/plugins/gson-2.2.1.jar
7f3a6633d000-7f3a66349000 r--s 00100000 08:25 1072923                    /home/chrismar035/.gradle/wrapper/dists/gradle-1.7-bin/2g3i7gan25uopmtc0lnjb1l9ff/gradle-1.7/lib/plugins/rhino-1.7R3.jar
7f3a66349000-7f3a6634e000 r--s 00021000 08:25 1072875                    /home/chrismar035/.gradle/wrapper/dists/gradle-1.7-bin/2g3i7gan25uopmtc0lnjb1l9ff/gradle-1.7/lib/plugins/gradle-javascript-1.7.jar
7f3a6634e000-7f3a66350000 r--s 0000e000 08:25 1072874                    /home/chrismar035/.gradle/wrapper/dists/gradle-1.7-bin/2g3i7gan25uopmtc0lnjb1l9ff/gradle-1.7/lib/plugins/gradle-ear-1.7.jar
7f3a66350000-7f3a66358000 r--s 0004d000 08:25 1072873                    /home/chrismar035/.gradle/wrapper/dists/gradle-1.7-bin/2g3i7gan25uopmtc0lnjb1l9ff/gradle-1.7/lib/plugins/gradle-cpp-1.7.jar
7f3a66358000-7f3a66380000 r--s 00194000 08:25 1072921                    /home/chrismar035/.gradle/wrapper/dists/gradle-1.7-bin/2g3i7gan25uopmtc0lnjb1l9ff/gradle-1.7/lib/plugins/bcprov-jdk15-1.46.jar
7f3a66380000-7f3a66384000 r--s 00025000 08:25 1072922                    /home/chrismar035/.gradle/wrapper/dists/gradle-1.7-bin/2g3i7gan25uopmtc0lnjb1l9ff/gradle-1.7/lib/plugins/bcpg-jdk15-1.46.jar
7f3a66384000-7f3a66387000 r--s 00021000 08:25 1072872                    /home/chrismar035/.gradle/wrapper/dists/gradle-1.7-bin/2g3i7gan25uopmtc0lnjb1l9ff/gradle-1.7/lib/plugins/gradle-signing-1.7.jar
7f3a66387000-7f3a66388000 r--s 00002000 08:25 1072920                    /home/chrismar035/.gradle/wrapper/dists/gradle-1.7-bin/2g3i7gan25uopmtc0lnjb1l9ff/gradle-1.7/lib/plugins/sonar-batch-bootstrapper-2.9.jar
7f3a66388000-7f3a66389000 r--s 00007000 08:25 1072919                    /home/chrismar035/.gradle/wrapper/dists/gradle-1.7-bin/2g3i7gan25uopmtc0lnjb1l9ff/gradle-1.7/lib/plugins/sonar-runner-2.0.jar
7f3a66389000-7f3a6638c000 r--s 00022000 08:25 1072871                    /home/chrismar035/.gradle/wrapper/dists/gradle-1.7-bin/2g3i7gan25uopmtc0lnjb1l9ff/gradle-1.7/lib/plugins/gradle-sonar-1.7.jar
7f3a6638c000-7f3a6638f000 r--s 0001c000 08:25 1072870                    /home/chrismar035/.gradle/wrapper/dists/gradle-1.7-bin/2g3i7gan25uopmtc0lnjb1l9ff/gradle-1.7/lib/plugins/gradle-scala-1.7.jar
7f3a6638f000-7f3a66391000 r--s 0000f000 08:25 1072869                    /home/chrismar035/.gradle/wrapper/dists/gradle-1.7-bin/2g3i7gan25uopmtc0lnjb1l9ff/gradle-1.7/lib/plugins/gradle-announce-1.7.jar
7f3a66391000-7f3a6639e000 r--s 000d5000 08:25 1072868                    /home/chrismar035/.gradle/wrapper/dists/gradle-1.7-bin/2g3i7gan25uopmtc0lnjb1l9ff/gradle-1.7/lib/plugins/gradle-ide-1.7.jar
7f3a6639e000-7f3a663a0000 r--s 00000000 08:25 1072918                    /home/chrismar035/.gradle/wrapper/dists/gradle-1.7-bin/2g3i7gan25uopmtc0lnjb1l9ff/gradle-1.7/lib/plugins/plexus-component-annotations-1.5.2.jar
7f3a663a0000-7f3a663a3000 r--s 0000c000 08:25 1072917                    /home/chrismar035/.gradle/wrapper/dists/gradle-1.7-bin/2g3i7gan25uopmtc0lnjb1l9ff/gradle-1.7/lib/plugins/pmaven-groovy-0.8-20100325.jar
7f3a663a3000-7f3a663a4000 r--s 00004000 08:25 1072916                    /home/chrismar035/.gradle/wrapper/dists/gradle-1.7-bin/2g3i7gan25uopmtc0lnjb1l9ff/gradle-1.7/lib/plugins/pmaven-common-0.8-20100325.jar
7f3a663a4000-7f3a663a9000 r--s 0001e000 08:25 1072867                    /home/chrismar035/.gradle/wrapper/dists/gradle-1.7-bin/2g3i7gan25uopmtc0lnjb1l9ff/gradle-1.7/lib/plugins/gradle-maven-1.7.jar
7f3a663a9000-7f3a663c1000 r--s 0013b000 08:25 1072915                    /home/chrismar035/.gradle/wrapper/dists/gradle-1.7-bin/2g3i7gan25uopmtc0lnjb1l9ff/gradle-1.7/lib/plugins/bndlib-2.1.0.jar
7f3a663c1000-7f3a663c2000 r--s 00005000 08:25 1072866                    /home/chrismar035/.gradle/wrapper/dists/gradle-1.7-bin/2g3i7gan25uopmtc0lnjb1l9ff/gradle-1.7/lib/plugins/gradle-osgi-1.7.jar
7f3a663c2000-7f3a663c7000 r--s 00068000 08:25 1072914                    /home/chrismar035/.gradle/wrapper/dists/gradle-1.7-bin/2g3i7gan25uopmtc0lnjb1l9ff/gradle-1.7/lib/plugins/antlr-2.7.7.jar
7f3a663c7000-7f3a663c8000 r--s 00002000 08:25 1072913                    /home/chrismar035/.gradle/wrapper/dists/gradle-1.7-bin/2g3i7gan25uopmtc0lnjb1l9ff/gradle-1.7/lib/plugins/ant-antlr-1.8.4.jar
7f3a663c8000-7f3a663ca000 r--s 00004000 08:25 1072865                    /home/chrismar035/.gradle/wrapper/dists/gradle-1.7-bin/2g3i7gan25uopmtc0lnjb1l9ff/gradle-1.7/lib/plugins/gradle-antlr-1.7.jar
7f3a663ca000-7f3a663cd000 r--s 0001e000 08:25 1072909                    /home/chrismar035/.gradle/wrapper/dists/gradle-1.7-bin/2g3i7gan25uopmtc0lnjb1l9ff/gradle-1.7/lib/plugins/jsp-api-2.1-6.1.14.jar
7f3a663cd000-7f3a663f0000 r--s 00344000 08:25 1072908                    /home/chrismar035/.gradle/wrapper/dists/gradle-1.7-bin/2g3i7gan25uopmtc0lnjb1l9ff/gradle-1.7/lib/plugins/core-3.1.1.jar
7f3a663f0000-7f3a663f1000 r--s 00006000 08:25 1072906                    /home/chrismar035/.gradle/wrapper/dists/gradle-1.7-bin/2g3i7gan25uopmtc0lnjb1l9ff/gradle-1.7/lib/plugins/jetty-naming-6.1.25.jar
7f3a663f1000-7f3a663f2000 r--s 00002000 08:25 1072912                    /home/chrismar035/.gradle/wrapper/dists/gradle-1.7-bin/2g3i7gan25uopmtc0lnjb1l9ff/gradle-1.7/lib/plugins/geronimo-annotation_1.0_spec-1.0.jar
7f3a663f2000-7f3a663f4000 r--s 00002000 08:25 1072911                    /home/chrismar035/.gradle/wrapper/dists/gradle-1.7-bin/2g3i7gan25uopmtc0lnjb1l9ff/gradle-1.7/lib/plugins/jetty-annotations-6.1.25.jar
7f3a663f4000-7f3a66405000 r--s 000ea000 08:25 1072910                    /home/chrismar035/.gradle/wrapper/dists/gradle-1.7-bin/2g3i7gan25uopmtc0lnjb1l9ff/gradle-1.7/lib/plugins/jsp-2.1-6.1.14.jar
7f3a66405000-7f3a66407000 r--s 0000d000 08:25 1072907                    /home/chrismar035/.gradle/wrapper/dists/gradle-1.7-bin/2g3i7gan25uopmtc0lnjb1l9ff/gradle-1.7/lib/plugins/jetty-plus-6.1.25.jar
7f3a66407000-7f3a66409000 r--s 0001f000 08:25 1072903                    /home/chrismar035/.gradle/wrapper/dists/gradle-1.7-bin/2g3i7gan25uopmtc0lnjb1l9ff/gradle-1.7/lib/plugins/servlet-api-2.5-20081211.jar
7f3a66409000-7f3a6640d000 r--s 00028000 08:25 1072904                    /home/chrismar035/.gradle/wrapper/dists/gradle-1.7-bin/2g3i7gan25uopmtc0lnjb1l9ff/gradle-1.7/lib/plugins/jetty-util-6.1.25.jar
7f3a6640d000-7f3a66414000 r--s 0007d000 08:25 1072905                    /home/chrismar035/.gradle/wrapper/dists/gradle-1.7-bin/2g3i7gan25uopmtc0lnjb1l9ff/gradle-1.7/lib/plugins/jetty-6.1.25.jar
7f3a66414000-7f3a66416000 r--s 00009000 08:25 1072864                    /home/chrismar035/.gradle/wrapper/dists/gradle-1.7-bin/2g3i7gan25uopmtc0lnjb1l9ff/gradle-1.7/lib/plugins/gradle-jetty-1.7.jar
7f3a66416000-7f3a6641c000 r--s 0004b000 08:25 1072863                    /home/chrismar035/.gradle/wrapper/dists/gradle-1.7-bin/2g3i7gan25uopmtc0lnjb1l9ff/gradle-1.7/lib/plugins/gradle-code-quality-1.7.jar
7f3a6641c000-7f3a6641e000 r--s 00009000 08:25 1072900                    /home/chrismar035/.gradle/wrapper/dists/gradle-1.7-bin/2g3i7gan25uopmtc0lnjb1l9ff/gradle-1.7/lib/plugins/hamcrest-core-1.3.jar
7f3a6641e000-7f3a66424000 r--s 00033000 08:25 1072899                    /home/chrismar035/.gradle/wrapper/dists/gradle-1.7-bin/2g3i7gan25uopmtc0lnjb1l9ff/gradle-1.7/lib/plugins/snakeyaml-1.6.jar
7f3a66424000-7f3a66426000 r--s 00006000 08:25 1072898                    /home/chrismar035/.gradle/wrapper/dists/gradle-1.7-bin/2g3i7gan25uopmtc0lnjb1l9ff/gradle-1.7/lib/plugins/jcommander-1.12.jar
7f3a66426000-7f3a6642b000 r--s 00040000 08:25 1072897                    /home/chrismar035/.gradle/wrapper/dists/gradle-1.7-bin/2g3i7gan25uopmtc0lnjb1l9ff/gradle-1.7/lib/plugins/bsh-2.0b4.jar
7f3a6642b000-7f3a6642d000 r--s 00009000 08:25 1072902                    /home/chrismar035/.gradle/wrapper/dists/gradle-1.7-bin/2g3i7gan25uopmtc0lnjb1l9ff/gradle-1.7/lib/plugins/commons-cli-1.2.jar
7f3a6642d000-7f3a66436000 r--s 00089000 08:25 1072901                    /home/chrismar035/.gradle/wrapper/dists/gradle-1.7-bin/2g3i7gan25uopmtc0lnjb1l9ff/gradle-1.7/lib/plugins/testng-6.3.1.jar
7f3a66436000-7f3a6643c000 r--s 00036000 08:25 1072896                    /home/chrismar035/.gradle/wrapper/dists/gradle-1.7-bin/2g3i7gan25uopmtc0lnjb1l9ff/gradle-1.7/lib/plugins/junit-4.11.jar
7f3a6643c000-7f3a6644b000 r--s 000a0000 08:25 1072862                    /home/chrismar035/.gradle/wrapper/dists/gradle-1.7-bin/2g3i7gan25uopmtc0lnjb1l9ff/gradle-1.7/lib/plugins/gradle-plugins-1.7.jar
7f3a6644b000-7f3a6644e000 ---p 00000000 00:00 0 
7f3a6644e000-7f3a6654c000 rw-p 00000000 00:00 0 
7f3a6654c000-7f3a6654f000 ---p 00000000 00:00 0 
7f3a6654f000-7f3a66585000 rw-p 00000000 00:00 0 
7f3a66585000-7f3a6659d000 r--s 00115000 08:25 1072893                    /home/chrismar035/.gradle/wrapper/dists/gradle-1.7-bin/2g3i7gan25uopmtc0lnjb1l9ff/gradle-1.7/lib/plugins/xercesImpl-2.9.1.jar
7f3a6659d000-7f3a665a5000 r--s 00028000 08:25 1072892                    /home/chrismar035/.gradle/wrapper/dists/gradle-1.7-bin/2g3i7gan25uopmtc0lnjb1l9ff/gradle-1.7/lib/plugins/xml-apis-1.3.04.jar
7f3a665a5000-7f3a665ab000 r--s 0005b000 08:25 1072890                    /home/chrismar035/.gradle/wrapper/dists/gradle-1.7-bin/2g3i7gan25uopmtc0lnjb1l9ff/gradle-1.7/lib/plugins/jcifs-1.3.17.jar
7f3a665ab000-7f3a665b1000 r--s 00031000 08:25 1072889                    /home/chrismar035/.gradle/wrapper/dists/gradle-1.7-bin/2g3i7gan25uopmtc0lnjb1l9ff/gradle-1.7/lib/plugins/httpcore-4.2.2.jar
7f3a665b1000-7f3a665b7000 r--s 00033000 08:25 1072888                    /home/chrismar035/.gradle/wrapper/dists/gradle-1.7-bin/2g3i7gan25uopmtc0lnjb1l9ff/gradle-1.7/lib/plugins/commons-codec-1.6.jar
7f3a665b7000-7f3a665bb000 r--s 0001d000 08:25 1072895                    /home/chrismar035/.gradle/wrapper/dists/gradle-1.7-bin/2g3i7gan25uopmtc0lnjb1l9ff/gradle-1.7/lib/plugins/xbean-reflect-3.4.jar
7f3a665bb000-7f3a665be000 r--s 0001c000 08:25 1072894                    /home/chrismar035/.gradle/wrapper/dists/gradle-1.7-bin/2g3i7gan25uopmtc0lnjb1l9ff/gradle-1.7/lib/plugins/nekohtml-1.9.14.jar
7f3a665be000-7f3a665d7000 r--s 00129000 08:25 1072887                    /home/chrismar035/.gradle/wrapper/dists/gradle-1.7-bin/2g3i7gan25uopmtc0lnjb1l9ff/gradle-1.7/lib/plugins/maven-ant-tasks-2.1.3.jar
7f3a665d7000-7f3a665e0000 r--s 00060000 08:25 1072891                    /home/chrismar035/.gradle/wrapper/dists/gradle-1.7-bin/2g3i7gan25uopmtc0lnjb1l9ff/gradle-1.7/lib/plugins/httpclient-4.2.2.jar
7f3a665e0000-7f3a665e4000 r--s 0001e000 08:25 1072861                    /home/chrismar035/.gradle/wrapper/dists/gradle-1.7-bin/2g3i7gan25uopmtc0lnjb1l9ff/gradle-1.7/lib/plugins/jarjar-aether-impl-1.13.1.jar
7f3a665e4000-7f3a665e7000 r--s 00027000 08:25 1072860                    /home/chrismar035/.gradle/wrapper/dists/gradle-1.7-bin/2g3i7gan25uopmtc0lnjb1l9ff/gradle-1.7/lib/plugins/jarjar-maven-model-3.0.4.jar
7f3a665e7000-7f3a665ea000 r--s 0000b000 08:25 1072859                    /home/chrismar035/.gradle/wrapper/dists/gradle-1.7-bin/2g3i7gan25uopmtc0lnjb1l9ff/gradle-1.7/lib/plugins/jarjar-maven-artifact-3.0.4.jar
7f3a665ea000-7f3a665ee000 r--s 0001e000 08:25 1072858                    /home/chrismar035/.gradle/wrapper/dists/gradle-1.7-bin/2g3i7gan25uopmtc0lnjb1l9ff/gradle-1.7/lib/plugins/jarjar-aether-util-1.13.1.jar
7f3a665ee000-7f3a665fb000 r--s 00083000 08:25 1072857                    /home/chrismar035/.gradle/wrapper/dists/gradle-1.7-bin/2g3i7gan25uopmtc0lnjb1l9ff/gradle-1.7/lib/plugins/jarjar-maven-core-3.0.4.jar
7f3a665fb000-7f3a665fd000 r--s 00003000 08:25 1072856                    /home/chrismar035/.gradle/wrapper/dists/gradle-1.7-bin/2g3i7gan25uopmtc0lnjb1l9ff/gradle-1.7/lib/plugins/jarjar-aether-spi-1.13.1.jar
7f3a665fd000-7f3a665ff000 r--s 00009000 08:25 1072855                    /home/chrismar035/.gradle/wrapper/dists/gradle-1.7-bin/2g3i7gan25uopmtc0lnjb1l9ff/gradle-1.7/lib/plugins/jarjar-maven-settings-builder-3.0.4.jar
7f3a665ff000-7f3a66603000 r--s 00014000 08:25 1072854                    /home/chrismar035/.gradle/wrapper/dists/gradle-1.7-bin/2g3i7gan25uopmtc0lnjb1l9ff/gradle-1.7/lib/plugins/jarjar-aether-api-1.13.1.jar
7f3a66603000-7f3a6660a000 r--s 00042000 08:25 1072853                    /home/chrismar035/.gradle/wrapper/dists/gradle-1.7-bin/2g3i7gan25uopmtc0lnjb1l9ff/gradle-1.7/lib/plugins/jarjar-maven-compat-3.0.4.jar
7f3a6660a000-7f3a6660c000 r--s 00000000 08:25 1072852                    /home/chrismar035/.gradle/wrapper/dists/gradle-1.7-bin/2g3i7gan25uopmtc0lnjb1l9ff/gradle-1.7/lib/plugins/jarjar-plexus-component-annotations-1.5.5.jar
7f3a6660c000-7f3a6660e000 r--s 00006000 08:25 1072851                    /home/chrismar035/.gradle/wrapper/dists/gradle-1.7-bin/2g3i7gan25uopmtc0lnjb1l9ff/gradle-1.7/lib/plugins/jarjar-plexus-sec-dispatcher-1.3.jar
7f3a6660e000-7f3a66613000 r--s 00022000 08:25 1072850                    /home/chrismar035/.gradle/wrapper/dists/gradle-1.7-bin/2g3i7gan25uopmtc0lnjb1l9ff/gradle-1.7/lib/plugins/jarjar-maven-model-builder-3.0.4.jar
7f3a66613000-7f3a66615000 r--s 0000b000 08:25 1072849                    /home/chrismar035/.gradle/wrapper/dists/gradle-1.7-bin/2g3i7gan25uopmtc0lnjb1l9ff/gradle-1.7/lib/plugins/jarjar-maven-plugin-api-3.0.4.jar
7f3a66615000-7f3a66618000 r--s 0000a000 08:25 1072848                    /home/chrismar035/.gradle/wrapper/dists/gradle-1.7-bin/2g3i7gan25uopmtc0lnjb1l9ff/gradle-1.7/lib/plugins/jarjar-plexus-classworlds-2.4.jar
7f3a66618000-7f3a6661c000 r--s 00035000 08:25 1072847                    /home/chrismar035/.gradle/wrapper/dists/gradle-1.7-bin/2g3i7gan25uopmtc0lnjb1l9ff/gradle-1.7/lib/plugins/jarjar-plexus-utils-2.0.6.jar
7f3a6661c000-7f3a6661e000 r--s 0000e000 08:25 1072846                    /home/chrismar035/.gradle/wrapper/dists/gradle-1.7-bin/2g3i7gan25uopmtc0lnjb1l9ff/gradle-1.7/lib/plugins/jarjar-plexus-interpolation-1.14.jar
7f3a6661e000-7f3a66626000 r--s 00031000 08:25 1072842                    /home/chrismar035/.gradle/wrapper/dists/gradle-1.7-bin/2g3i7gan25uopmtc0lnjb1l9ff/gradle-1.7/lib/plugins/jarjar-plexus-container-default-1.5.5.jar
7f3a66626000-7f3a66690000 r--s 00e19000 08:21 3034342                    /usr/lib/jvm/java-7-oracle/lib/tools.jar
7f3a66690000-7f3a666a5000 r-xp 00000000 08:21 1205670                    /tmp/jna4448326567835614870.tmp
7f3a666a5000-7f3a667a4000 ---p 00015000 08:21 1205670                    /tmp/jna4448326567835614870.tmp
7f3a667a4000-7f3a667a6000 rw-p 00014000 08:21 1205670                    /tmp/jna4448326567835614870.tmp
7f3a667a6000-7f3a667a9000 ---p 00000000 00:00 0 
7f3a667a9000-7f3a668a7000 rw-p 00000000 00:00 0 
7f3a668a7000-7f3a668aa000 ---p 00000000 00:00 0 
7f3a668aa000-7f3a669a8000 rw-p 00000000 00:00 0 
7f3a669a8000-7f3a669ab000 ---p 00000000 00:00 0 
7f3a669ab000-7f3a66aa9000 rw-p 00000000 00:00 0 
7f3a66aa9000-7f3a66aac000 ---p 00000000 00:00 0 
7f3a66aac000-7f3a66baa000 rw-p 00000000 00:00 0 
7f3a66baa000-7f3a66bbf000 r-xp 00000000 08:21 1838762                    /lib/x86_64-linux-gnu/libgcc_s.so.1
7f3a66bbf000-7f3a66dbe000 ---p 00015000 08:21 1838762                    /lib/x86_64-linux-gnu/libgcc_s.so.1
7f3a66dbe000-7f3a66dbf000 r--p 00014000 08:21 1838762                    /lib/x86_64-linux-gnu/libgcc_s.so.1
7f3a66dbf000-7f3a66dc0000 rw-p 00015000 08:21 1838762                    /lib/x86_64-linux-gnu/libgcc_s.so.1
7f3a66dc0000-7f3a66ea2000 r-xp 00000000 08:21 3022824                    /usr/lib/x86_64-linux-gnu/libstdc++.so.6.0.16
7f3a66ea2000-7f3a670a1000 ---p 000e2000 08:21 3022824                    /usr/lib/x86_64-linux-gnu/libstdc++.so.6.0.16
7f3a670a1000-7f3a670a9000 r--p 000e1000 08:21 3022824                    /usr/lib/x86_64-linux-gnu/libstdc++.so.6.0.16
7f3a670a9000-7f3a670ab000 rw-p 000e9000 08:21 3022824                    /usr/lib/x86_64-linux-gnu/libstdc++.so.6.0.16
7f3a670ab000-7f3a670c0000 rw-p 00000000 00:00 0 
7f3a670c0000-7f3a670c1000 r--p 00000000 00:00 0 
7f3a670c1000-7f3a670c3000 r--s 00002000 08:25 1072845                    /home/chrismar035/.gradle/wrapper/dists/gradle-1.7-bin/2g3i7gan25uopmtc0lnjb1l9ff/gradle-1.7/lib/plugins/jarjar-plexus-cipher-1.7.jar
7f3a670c3000-7f3a670c5000 r--s 0000c000 08:25 1072844                    /home/chrismar035/.gradle/wrapper/dists/gradle-1.7-bin/2g3i7gan25uopmtc0lnjb1l9ff/gradle-1.7/lib/plugins/jarjar-wagon-provider-api-2.2.jar
7f3a670c5000-7f3a670c7000 r--s 0000d000 08:25 1072843                    /home/chrismar035/.gradle/wrapper/dists/gradle-1.7-bin/2g3i7gan25uopmtc0lnjb1l9ff/gradle-1.7/lib/plugins/jarjar-maven-aether-provider-3.0.4.jar
7f3a670c7000-7f3a670c8000 r--s 00007000 08:25 1072841                    /home/chrismar035/.gradle/wrapper/dists/gradle-1.7-bin/2g3i7gan25uopmtc0lnjb1l9ff/gradle-1.7/lib/plugins/jarjar-maven-repository-metadata-3.0.4.jar
7f3a670c8000-7f3a670c9000 r--s 0000b000 08:25 1072840                    /home/chrismar035/.gradle/wrapper/dists/gradle-1.7-bin/2g3i7gan25uopmtc0lnjb1l9ff/gradle-1.7/lib/plugins/jarjar-maven-settings-3.0.4.jar
7f3a670c9000-7f3a670db000 r--s 00085000 08:25 1072885                    /home/chrismar035/.gradle/wrapper/dists/gradle-1.7-bin/2g3i7gan25uopmtc0lnjb1l9ff/gradle-1.7/lib/plugins/gradle-core-impl-1.7.jar
7f3a670db000-7f3a670e2000 r--s 00000000 08:21 3305471                    /usr/lib/x86_64-linux-gnu/gconv/gconv-modules.cache
7f3a670e2000-7f3a670e6000 r-xp 00000000 08:21 1594793                    /tmp/native-platform1672238774262212867dir/libnative-platform-linux-amd64.so
7f3a670e6000-7f3a672e5000 ---p 00004000 08:21 1594793                    /tmp/native-platform1672238774262212867dir/libnative-platform-linux-amd64.so
7f3a672e5000-7f3a672e6000 rw-p 00003000 08:21 1594793                    /tmp/native-platform1672238774262212867dir/libnative-platform-linux-amd64.so
7f3a672e6000-7f3a672ea000 r--s 0008a000 08:21 3076671                    /usr/lib/jvm/java-7-oracle/jre/lib/jsse.jar
7f3a672ea000-7f3a6731b000 rw-p 00000000 00:00 0 
7f3a6731b000-7f3a67330000 r-xp 00000000 08:21 3076640                    /usr/lib/jvm/java-7-oracle/jre/lib/amd64/libnet.so
7f3a67330000-7f3a67530000 ---p 00015000 08:21 3076640                    /usr/lib/jvm/java-7-oracle/jre/lib/amd64/libnet.so
7f3a67530000-7f3a67531000 rw-p 00015000 08:21 3076640                    /usr/lib/jvm/java-7-oracle/jre/lib/amd64/libnet.so
7f3a67531000-7f3a67541000 r-xp 00000000 08:21 3076615                    /usr/lib/jvm/java-7-oracle/jre/lib/amd64/libnio.so
7f3a67541000-7f3a67741000 ---p 00010000 08:21 3076615                    /usr/lib/jvm/java-7-oracle/jre/lib/amd64/libnio.so
7f3a67741000-7f3a67742000 rw-p 00010000 08:21 3076615                    /usr/lib/jvm/java-7-oracle/jre/lib/amd64/libnio.so
7f3a67742000-7f3a67743000 r--s 00005000 08:25 1072794                    /home/chrismar035/.gradle/wrapper/dists/gradle-1.7-bin/2g3i7gan25uopmtc0lnjb1l9ff/gradle-1.7/lib/gradle-wrapper-1.7.jar
7f3a67743000-7f3a6774a000 r--s 00022000 08:25 1072839                    /home/chrismar035/.gradle/wrapper/dists/gradle-1.7-bin/2g3i7gan25uopmtc0lnjb1l9ff/gradle-1.7/lib/gradle-tooling-api-1.7.jar
7f3a6774a000-7f3a6774c000 r--s 00005000 08:25 1072835                    /home/chrismar035/.gradle/wrapper/dists/gradle-1.7-bin/2g3i7gan25uopmtc0lnjb1l9ff/gradle-1.7/lib/gradle-open-api-1.7.jar
7f3a6774c000-7f3a67752000 r--s 00032000 08:25 1072837                    /home/chrismar035/.gradle/wrapper/dists/gradle-1.7-bin/2g3i7gan25uopmtc0lnjb1l9ff/gradle-1.7/lib/jaxen-1.1.jar
7f3a67752000-7f3a67757000 r--s 00048000 08:25 1072836                    /home/chrismar035/.gradle/wrapper/dists/gradle-1.7-bin/2g3i7gan25uopmtc0lnjb1l9ff/gradle-1.7/lib/dom4j-1.6.1.jar
7f3a67757000-7f3a67762000 r--s 0005b000 08:25 1072838                    /home/chrismar035/.gradle/wrapper/dists/gradle-1.7-bin/2g3i7gan25uopmtc0lnjb1l9ff/gradle-1.7/lib/gradle-ui-1.7.jar
7f3a67762000-7f3a67764000 r--s 00007000 08:25 1072828                    /home/chrismar035/.gradle/wrapper/dists/gradle-1.7-bin/2g3i7gan25uopmtc0lnjb1l9ff/gradle-1.7/lib/objenesis-1.2.jar
7f3a67764000-7f3a67766000 r--s 00000000 08:25 1072827                    /home/chrismar035/.gradle/wrapper/dists/gradle-1.7-bin/2g3i7gan25uopmtc0lnjb1l9ff/gradle-1.7/lib/minlog-1.2.jar
7f3a67766000-7f3a67768000 r--s 0000f000 08:25 1072826                    /home/chrismar035/.gradle/wrapper/dists/gradle-1.7-bin/2g3i7gan25uopmtc0lnjb1l9ff/gradle-1.7/lib/reflectasm-1.07-shaded.jar
7f3a67768000-7f3a6776a000 r--s 0000a000 08:25 1072825                    /home/chrismar035/.gradle/wrapper/dists/gradle-1.7-bin/2g3i7gan25uopmtc0lnjb1l9ff/gradle-1.7/lib/asm-4.0.jar
7f3a6776a000-7f3a6776e000 r--s 00026000 08:25 1072829                    /home/chrismar035/.gradle/wrapper/dists/gradle-1.7-bin/2g3i7gan25uopmtc0lnjb1l9ff/gradle-1.7/lib/kryo-2.20.jar
7f3a6776e000-7f3a67775000 r--s 00033000 08:25 1072830                    /home/chrismar035/.gradle/wrapper/dists/gradle-1.7-bin/2g3i7gan25uopmtc0lnjb1l9ff/gradle-1.7/lib/gradle-messaging-1.7.jar
7f3a67775000-7f3a67776000 r--s 00004000 08:25 1072806                    /home/chrismar035/.gradle/wrapper/dists/gradle-1.7-bin/2g3i7gan25uopmtc0lnjb1l9ff/gradle-1.7/lib/native-platform-windows-i386-0.3-rc-2.jar
7f3a67776000-7f3a67777000 r--s 00006000 08:25 1072805                    /home/chrismar035/.gradle/wrapper/dists/gradle-1.7-bin/2g3i7gan25uopmtc0lnjb1l9ff/gradle-1.7/lib/native-platform-windows-amd64-0.3-rc-2.jar
7f3a67777000-7f3a67778000 r--s 00003000 08:25 1072804                    /home/chrismar035/.gradle/wrapper/dists/gradle-1.7-bin/2g3i7gan25uopmtc0lnjb1l9ff/gradle-1.7/lib/native-platform-linux-i386-0.3-rc-2.jar
7f3a67778000-7f3a67779000 r--s 00003000 08:25 1072803                    /home/chrismar035/.gradle/wrapper/dists/gradle-1.7-bin/2g3i7gan25uopmtc0lnjb1l9ff/gradle-1.7/lib/native-platform-linux-amd64-0.3-rc-2.jar
7f3a67779000-7f3a6777a000 r--s 00004000 08:25 1072802                    /home/chrismar035/.gradle/wrapper/dists/gradle-1.7-bin/2g3i7gan25uopmtc0lnjb1l9ff/gradle-1.7/lib/native-platform-osx-universal-0.3-rc-2.jar
7f3a6777a000-7f3a6777c000 r--s 00008000 08:25 1072809                    /home/chrismar035/.gradle/wrapper/dists/gradle-1.7-bin/2g3i7gan25uopmtc0lnjb1l9ff/gradle-1.7/lib/jansi-1.2.1.jar
7f3a6777c000-7f3a6777f000 r--s 00013000 08:25 1072808                    /home/chrismar035/.gradle/wrapper/dists/gradle-1.7-bin/2g3i7gan25uopmtc0lnjb1l9ff/gradle-1.7/lib/jna-posix-1.0.3.jar
7f3a6777f000-7f3a67781000 r--s 0000b000 08:25 1072807                    /home/chrismar035/.gradle/wrapper/dists/gradle-1.7-bin/2g3i7gan25uopmtc0lnjb1l9ff/gradle-1.7/lib/native-platform-0.3-rc-2.jar
7f3a67781000-7f3a67785000 r--s 000e4000 08:25 1072801                    /home/chrismar035/.gradle/wrapper/dists/gradle-1.7-bin/2g3i7gan25uopmtc0lnjb1l9ff/gradle-1.7/lib/jna-3.2.7.jar
7f3a67785000-7f3a67788000 r--s 00009000 08:25 1072810                    /home/chrismar035/.gradle/wrapper/dists/gradle-1.7-bin/2g3i7gan25uopmtc0lnjb1l9ff/gradle-1.7/lib/gradle-native-1.7.jar
7f3a67788000-7f3a6778a000 r--s 00005000 08:25 1072797                    /home/chrismar035/.gradle/wrapper/dists/gradle-1.7-bin/2g3i7gan25uopmtc0lnjb1l9ff/gradle-1.7/lib/gradle-cli-1.7.jar
7f3a6778a000-7f3a6778c000 r--s 00000000 08:25 1072812                    /home/chrismar035/.gradle/wrapper/dists/gradle-1.7-bin/2g3i7gan25uopmtc0lnjb1l9ff/gradle-1.7/lib/gradle-base-services-groovy-1.7.jar
7f3a6778c000-7f3a67790000 r--s 00034000 08:25 1072818                    /home/chrismar035/.gradle/wrapper/dists/gradle-1.7-bin/2g3i7gan25uopmtc0lnjb1l9ff/gradle-1.7/lib/jsch-0.1.46.jar
7f3a67790000-7f3a677b1000 r--s 00172000 08:25 1072799                    /home/chrismar035/.gradle/wrapper/dists/gradle-1.7-bin/2g3i7gan25uopmtc0lnjb1l9ff/gradle-1.7/lib/guava-11.0.2.jar
7f3a677b1000-7f3a677c0000 r--s 000d9000 08:25 1072819                    /home/chrismar035/.gradle/wrapper/dists/gradle-1.7-bin/2g3i7gan25uopmtc0lnjb1l9ff/gradle-1.7/lib/ivy-2.2.0.jar
7f3a677c0000-7f3a6781c000 r--s 00586000 08:25 1072811                    /home/chrismar035/.gradle/wrapper/dists/gradle-1.7-bin/2g3i7gan25uopmtc0lnjb1l9ff/gradle-1.7/lib/groovy-all-1.8.6.jar
7f3a6781c000-7f3a6781d000 ---p 00000000 00:00 0 
7f3a6781d000-7f3a6791d000 rw-p 00000000 00:00 0 
7f3a6791d000-7f3a68000000 r--p 00000000 08:21 3021580                    /usr/lib/locale/locale-archive
7f3a68000000-7f3a68021000 rw-p 00000000 00:00 0 
7f3a68021000-7f3a6c000000 ---p 00000000 00:00 0 
7f3a6c000000-7f3a6c021000 rw-p 00000000 00:00 0 
7f3a6c021000-7f3a70000000 ---p 00000000 00:00 0 
7f3a70000000-7f3a70021000 rw-p 00000000 00:00 0 
7f3a70021000-7f3a74000000 ---p 00000000 00:00 0 
7f3a74000000-7f3a74002000 r--s 00003000 08:25 1072833                    /home/chrismar035/.gradle/wrapper/dists/gradle-1.7-bin/2g3i7gan25uopmtc0lnjb1l9ff/gradle-1.7/lib/jcl-over-slf4j-1.7.2.jar
7f3a74002000-7f3a74004000 r--s 00004000 08:25 1072832                    /home/chrismar035/.gradle/wrapper/dists/gradle-1.7-bin/2g3i7gan25uopmtc0lnjb1l9ff/gradle-1.7/lib/log4j-over-slf4j-1.7.2.jar
7f3a74004000-7f3a74009000 r--s 00039000 08:25 1072821                    /home/chrismar035/.gradle/wrapper/dists/gradle-1.7-bin/2g3i7gan25uopmtc0lnjb1l9ff/gradle-1.7/lib/logback-classic-1.0.9.jar
7f3a74009000-7f3a74017000 r--s 0007f000 08:25 1072816                    /home/chrismar035/.gradle/wrapper/dists/gradle-1.7-bin/2g3i7gan25uopmtc0lnjb1l9ff/gradle-1.7/lib/commons-collections-3.2.1.jar
7f3a74017000-7f3a74035000 r--s 001bd000 08:25 1072815                    /home/chrismar035/.gradle/wrapper/dists/gradle-1.7-bin/2g3i7gan25uopmtc0lnjb1l9ff/gradle-1.7/lib/ant-1.8.4.jar
7f3a74035000-7f3a74038000 ---p 00000000 00:00 0 
7f3a74038000-7f3a74136000 rw-p 00000000 00:00 0 
7f3a74136000-7f3a74139000 ---p 00000000 00:00 0 
7f3a74139000-7f3a74237000 rw-p 00000000 00:00 0 
7f3a74237000-7f3a7423a000 ---p 00000000 00:00 0 
7f3a7423a000-7f3a74338000 rw-p 00000000 00:00 0 
7f3a74338000-7f3a7433b000 ---p 00000000 00:00 0 
7f3a7433b000-7f3a74439000 rw-p 00000000 00:00 0 
7f3a74439000-7f3a7443c000 ---p 00000000 00:00 0 
7f3a7443c000-7f3a7453a000 rw-p 00000000 00:00 0 
7f3a7453a000-7f3a7453d000 ---p 00000000 00:00 0 
7f3a7453d000-7f3a7463b000 rw-p 00000000 00:00 0 
7f3a7463b000-7f3a7463c000 ---p 00000000 00:00 0 
7f3a7463c000-7f3a7573b000 rw-p 00000000 00:00 0 
7f3a7573b000-7f3a758f8000 r--s 039d3000 08:21 3076604                    /usr/lib/jvm/java-7-oracle/jre/lib/rt.jar
7f3a758f8000-7f3a77d61000 rw-p 00000000 00:00 0 
7f3a77d61000-7f3a77d62000 ---p 00000000 00:00 0 
7f3a77d62000-7f3a77e62000 rw-p 00000000 00:00 0 
7f3a77e62000-7f3a77e63000 ---p 00000000 00:00 0 
7f3a77e63000-7f3a77f63000 rw-p 00000000 00:00 0 
7f3a77f63000-7f3a77f64000 ---p 00000000 00:00 0 
7f3a77f64000-7f3a78064000 rw-p 00000000 00:00 0 
7f3a78064000-7f3a78065000 ---p 00000000 00:00 0 
7f3a78065000-7f3a78173000 rw-p 00000000 00:00 0 
7f3a78173000-7f3a7818e000 rw-p 00000000 00:00 0 
7f3a7818e000-7f3a781a3000 rw-p 00000000 00:00 0 
7f3a781a3000-7f3a782d8000 rw-p 00000000 00:00 0 
7f3a782d8000-7f3a78324000 rw-p 00000000 00:00 0 
7f3a78324000-7f3a7837d000 rw-p 00000000 00:00 0 
7f3a7837d000-7f3a7837e000 rw-p 00000000 00:00 0 
7f3a7837e000-7f3a7861e000 rwxp 00000000 00:00 0 
7f3a7861e000-7f3a7b37e000 rw-p 00000000 00:00 0 
7f3a7b37e000-7f3a7b398000 r-xp 00000000 08:21 3076654                    /usr/lib/jvm/java-7-oracle/jre/lib/amd64/libzip.so
7f3a7b398000-7f3a7b598000 ---p 0001a000 08:21 3076654                    /usr/lib/jvm/java-7-oracle/jre/lib/amd64/libzip.so
7f3a7b598000-7f3a7b599000 rw-p 0001a000 08:21 3076654                    /usr/lib/jvm/java-7-oracle/jre/lib/amd64/libzip.so
7f3a7b599000-7f3a7b5a5000 r-xp 00000000 08:21 1852254                    /lib/x86_64-linux-gnu/libnss_files-2.15.so
7f3a7b5a5000-7f3a7b7a4000 ---p 0000c000 08:21 1852254                    /lib/x86_64-linux-gnu/libnss_files-2.15.so
7f3a7b7a4000-7f3a7b7a5000 r--p 0000b000 08:21 1852254                    /lib/x86_64-linux-gnu/libnss_files-2.15.so
7f3a7b7a5000-7f3a7b7a6000 rw-p 0000c000 08:21 1852254                    /lib/x86_64-linux-gnu/libnss_files-2.15.so
7f3a7b7a6000-7f3a7b7b0000 r-xp 00000000 08:21 1852250                    /lib/x86_64-linux-gnu/libnss_nis-2.15.so
7f3a7b7b0000-7f3a7b9b0000 ---p 0000a000 08:21 1852250                    /lib/x86_64-linux-gnu/libnss_nis-2.15.so
7f3a7b9b0000-7f3a7b9b1000 r--p 0000a000 08:21 1852250                    /lib/x86_64-linux-gnu/libnss_nis-2.15.so
7f3a7b9b1000-7f3a7b9b2000 rw-p 0000b000 08:21 1852250                    /lib/x86_64-linux-gnu/libnss_nis-2.15.so
7f3a7b9b2000-7f3a7b9c9000 r-xp 00000000 08:21 1852263                    /lib/x86_64-linux-gnu/libnsl-2.15.so
7f3a7b9c9000-7f3a7bbc8000 ---p 00017000 08:21 1852263                    /lib/x86_64-linux-gnu/libnsl-2.15.so
7f3a7bbc8000-7f3a7bbc9000 r--p 00016000 08:21 1852263                    /lib/x86_64-linux-gnu/libnsl-2.15.so
7f3a7bbc9000-7f3a7bbca000 rw-p 00017000 08:21 1852263                    /lib/x86_64-linux-gnu/libnsl-2.15.so
7f3a7bbca000-7f3a7bbcc000 rw-p 00000000 00:00 0 
7f3a7bbcc000-7f3a7bbd4000 r-xp 00000000 08:21 1852255                    /lib/x86_64-linux-gnu/libnss_compat-2.15.so
7f3a7bbd4000-7f3a7bdd3000 ---p 00008000 08:21 1852255                    /lib/x86_64-linux-gnu/libnss_compat-2.15.so
7f3a7bdd3000-7f3a7bdd4000 r--p 00007000 08:21 1852255                    /lib/x86_64-linux-gnu/libnss_compat-2.15.so
7f3a7bdd4000-7f3a7bdd5000 rw-p 00008000 08:21 1852255                    /lib/x86_64-linux-gnu/libnss_compat-2.15.so
7f3a7bdd5000-7f3a7bdfe000 r-xp 00000000 08:21 3076633                    /usr/lib/jvm/java-7-oracle/jre/lib/amd64/libjava.so
7f3a7bdfe000-7f3a7bffe000 ---p 00029000 08:21 3076633                    /usr/lib/jvm/java-7-oracle/jre/lib/amd64/libjava.so
7f3a7bffe000-7f3a7c000000 rw-p 00029000 08:21 3076633                    /usr/lib/jvm/java-7-oracle/jre/lib/amd64/libjava.so
7f3a7c000000-7f3a7c335000 rw-p 00000000 00:00 0 
7f3a7c335000-7f3a80000000 ---p 00000000 00:00 0 
7f3a80000000-7f3a80003000 r--s 0001b000 08:25 1072823                    /home/chrismar035/.gradle/wrapper/dists/gradle-1.7-bin/2g3i7gan25uopmtc0lnjb1l9ff/gradle-1.7/lib/jarjar-1.3.jar
7f3a80003000-7f3a8000c000 r--s 00051000 08:25 1072820                    /home/chrismar035/.gradle/wrapper/dists/gradle-1.7-bin/2g3i7gan25uopmtc0lnjb1l9ff/gradle-1.7/lib/logback-core-1.0.9.jar
7f3a8000c000-7f3a80010000 r--s 00017000 08:25 1072796                    /home/chrismar035/.gradle/wrapper/dists/gradle-1.7-bin/2g3i7gan25uopmtc0lnjb1l9ff/gradle-1.7/lib/gradle-base-services-1.7.jar
7f3a80010000-7f3a8003c000 r--s 00174000 08:25 1072834                    /home/chrismar035/.gradle/wrapper/dists/gradle-1.7-bin/2g3i7gan25uopmtc0lnjb1l9ff/gradle-1.7/lib/gradle-core-1.7.jar
7f3a8003c000-7f3a80072000 rw-p 00000000 00:00 0 
7f3a80072000-7f3a8008d000 rw-p 00000000 00:00 0 
7f3a8008d000-7f3a800a2000 rw-p 00000000 00:00 0 
7f3a800a2000-7f3a801d7000 rw-p 00000000 00:00 0 
7f3a801d7000-7f3a801e4000 r-xp 00000000 08:21 3076652                    /usr/lib/jvm/java-7-oracle/jre/lib/amd64/libverify.so
7f3a801e4000-7f3a803e3000 ---p 0000d000 08:21 3076652                    /usr/lib/jvm/java-7-oracle/jre/lib/amd64/libverify.so
7f3a803e3000-7f3a803e5000 rw-p 0000c000 08:21 3076652                    /usr/lib/jvm/java-7-oracle/jre/lib/amd64/libverify.so
7f3a803e5000-7f3a803ec000 r-xp 00000000 08:21 1852248                    /lib/x86_64-linux-gnu/librt-2.15.so
7f3a803ec000-7f3a805eb000 ---p 00007000 08:21 1852248                    /lib/x86_64-linux-gnu/librt-2.15.so
7f3a805eb000-7f3a805ec000 r--p 00006000 08:21 1852248                    /lib/x86_64-linux-gnu/librt-2.15.so
7f3a805ec000-7f3a805ed000 rw-p 00007000 08:21 1852248                    /lib/x86_64-linux-gnu/librt-2.15.so
7f3a805ed000-7f3a806e8000 r-xp 00000000 08:21 1852252                    /lib/x86_64-linux-gnu/libm-2.15.so
7f3a806e8000-7f3a808e7000 ---p 000fb000 08:21 1852252                    /lib/x86_64-linux-gnu/libm-2.15.so
7f3a808e7000-7f3a808e8000 r--p 000fa000 08:21 1852252                    /lib/x86_64-linux-gnu/libm-2.15.so
7f3a808e8000-7f3a808e9000 rw-p 000fb000 08:21 1852252                    /lib/x86_64-linux-gnu/libm-2.15.so
7f3a808e9000-7f3a8144b000 r-xp 00000000 08:21 3076623                    /usr/lib/jvm/java-7-oracle/jre/lib/amd64/server/libjvm.so
7f3a8144b000-7f3a8164b000 ---p 00b62000 08:21 3076623                    /usr/lib/jvm/java-7-oracle/jre/lib/amd64/server/libjvm.so
7f3a8164b000-7f3a8170e000 rw-p 00b62000 08:21 3076623                    /usr/lib/jvm/java-7-oracle/jre/lib/amd64/server/libjvm.so
7f3a8170e000-7f3a8174f000 rw-p 00000000 00:00 0 
7f3a8174f000-7f3a81904000 r-xp 00000000 08:21 1852244                    /lib/x86_64-linux-gnu/libc-2.15.so
7f3a81904000-7f3a81b03000 ---p 001b5000 08:21 1852244                    /lib/x86_64-linux-gnu/libc-2.15.so
7f3a81b03000-7f3a81b07000 r--p 001b4000 08:21 1852244                    /lib/x86_64-linux-gnu/libc-2.15.so
7f3a81b07000-7f3a81b09000 rw-p 001b8000 08:21 1852244                    /lib/x86_64-linux-gnu/libc-2.15.so
7f3a81b09000-7f3a81b0e000 rw-p 00000000 00:00 0 
7f3a81b0e000-7f3a81b10000 r-xp 00000000 08:21 1852243                    /lib/x86_64-linux-gnu/libdl-2.15.so
7f3a81b10000-7f3a81d10000 ---p 00002000 08:21 1852243                    /lib/x86_64-linux-gnu/libdl-2.15.so
7f3a81d10000-7f3a81d11000 r--p 00002000 08:21 1852243                    /lib/x86_64-linux-gnu/libdl-2.15.so
7f3a81d11000-7f3a81d12000 rw-p 00003000 08:21 1852243                    /lib/x86_64-linux-gnu/libdl-2.15.so
7f3a81d12000-7f3a81d28000 r-xp 00000000 08:21 3076650                    /usr/lib/jvm/java-7-oracle/jre/lib/amd64/jli/libjli.so
7f3a81d28000-7f3a81f28000 ---p 00016000 08:21 3076650                    /usr/lib/jvm/java-7-oracle/jre/lib/amd64/jli/libjli.so
7f3a81f28000-7f3a81f29000 rw-p 00016000 08:21 3076650                    /usr/lib/jvm/java-7-oracle/jre/lib/amd64/jli/libjli.so
7f3a81f29000-7f3a81f41000 r-xp 00000000 08:21 1852246                    /lib/x86_64-linux-gnu/libpthread-2.15.so
7f3a81f41000-7f3a82140000 ---p 00018000 08:21 1852246                    /lib/x86_64-linux-gnu/libpthread-2.15.so
7f3a82140000-7f3a82141000 r--p 00017000 08:21 1852246                    /lib/x86_64-linux-gnu/libpthread-2.15.so
7f3a82141000-7f3a82142000 rw-p 00018000 08:21 1852246                    /lib/x86_64-linux-gnu/libpthread-2.15.so
7f3a82142000-7f3a82146000 rw-p 00000000 00:00 0 
7f3a82146000-7f3a82168000 r-xp 00000000 08:21 1852258                    /lib/x86_64-linux-gnu/ld-2.15.so
7f3a82168000-7f3a82169000 r--s 00000000 08:25 1072831                    /home/chrismar035/.gradle/wrapper/dists/gradle-1.7-bin/2g3i7gan25uopmtc0lnjb1l9ff/gradle-1.7/lib/gradle-docs-1.7.jar
7f3a82169000-7f3a8216a000 r--s 00000000 08:25 1072824                    /home/chrismar035/.gradle/wrapper/dists/gradle-1.7-bin/2g3i7gan25uopmtc0lnjb1l9ff/gradle-1.7/lib/javax.inject-1.jar
7f3a8216a000-7f3a8216b000 r--s 00001000 08:25 1072822                    /home/chrismar035/.gradle/wrapper/dists/gradle-1.7-bin/2g3i7gan25uopmtc0lnjb1l9ff/gradle-1.7/lib/jul-to-slf4j-1.7.2.jar
7f3a8216b000-7f3a8216c000 r--s 00000000 08:25 1072800                    /home/chrismar035/.gradle/wrapper/dists/gradle-1.7-bin/2g3i7gan25uopmtc0lnjb1l9ff/gradle-1.7/lib/jcip-annotations-1.0.jar
7f3a8216c000-7f3a82171000 r--s 00041000 08:25 1072817                    /home/chrismar035/.gradle/wrapper/dists/gradle-1.7-bin/2g3i7gan25uopmtc0lnjb1l9ff/gradle-1.7/lib/commons-lang-2.6.jar
7f3a82171000-7f3a82174000 r--s 00018000 08:25 1072798                    /home/chrismar035/.gradle/wrapper/dists/gradle-1.7-bin/2g3i7gan25uopmtc0lnjb1l9ff/gradle-1.7/lib/commons-io-1.4.jar
7f3a82174000-7f3a82178000 r--s 00030000 08:25 1072813                    /home/chrismar035/.gradle/wrapper/dists/gradle-1.7-bin/2g3i7gan25uopmtc0lnjb1l9ff/gradle-1.7/lib/asm-all-4.0.jar
7f3a82178000-7f3a8217f000 r--s 0002d000 08:25 1072793                    /home/chrismar035/.gradle/wrapper/dists/gradle-1.7-bin/2g3i7gan25uopmtc0lnjb1l9ff/gradle-1.7/lib/gradle-launcher-1.7.jar
7f3a8217f000-7f3a8218a000 rw-p 00000000 00:00 0 
7f3a8218a000-7f3a8223f000 rw-p 00000000 00:00 0 
7f3a8223f000-7f3a82242000 ---p 00000000 00:00 0 
7f3a82242000-7f3a82344000 rw-p 00000000 00:00 0 
7f3a82344000-7f3a82346000 r--s 00005000 08:25 1072795                    /home/chrismar035/.gradle/wrapper/dists/gradle-1.7-bin/2g3i7gan25uopmtc0lnjb1l9ff/gradle-1.7/lib/slf4j-api-1.7.2.jar
7f3a82346000-7f3a82347000 r--s 00004000 08:25 1072814                    /home/chrismar035/.gradle/wrapper/dists/gradle-1.7-bin/2g3i7gan25uopmtc0lnjb1l9ff/gradle-1.7/lib/ant-launcher-1.8.4.jar
7f3a82347000-7f3a8235c000 rw-p 00000000 00:00 0 
7f3a8235c000-7f3a82364000 rw-s 00000000 08:21 1205667                    /tmp/hsperfdata_chrismar035/7719
7f3a82364000-7f3a82365000 rw-p 00000000 00:00 0 
7f3a82365000-7f3a82366000 ---p 00000000 00:00 0 
7f3a82366000-7f3a82368000 rw-p 00000000 00:00 0 
7f3a82368000-7f3a82369000 r--p 00022000 08:21 1852258                    /lib/x86_64-linux-gnu/ld-2.15.so
7f3a82369000-7f3a8236b000 rw-p 00023000 08:21 1852258                    /lib/x86_64-linux-gnu/ld-2.15.so
7fffa3efb000-7fffa3f1c000 rw-p 00000000 00:00 0                          [stack]
7fffa3fff000-7fffa4000000 r-xp 00000000 00:00 0                          [vdso]
ffffffffff600000-ffffffffff601000 r-xp 00000000 00:00 0                  [vsyscall]

VM Arguments:
jvm_args: -Dfile.encoding=UTF-8 
java_command: org.gradle.launcher.daemon.bootstrap.GradleDaemon 1.7 /home/chrismar035/.gradle/daemon 60000 e053602b-c2d7-4401-b5a3-3b5f2254bd1b -Dfile.encoding=UTF-8
Launcher Type: SUN_STANDARD

Environment Variables:
CLASSPATH=./android-studio/bin/../lib/bootstrap.jar:./android-studio/bin/../lib/extensions.jar:./android-studio/bin/../lib/util.jar:./android-studio/bin/../lib/jdom.jar:./android-studio/bin/../lib/log4j.jar:./android-studio/bin/../lib/trove4j.jar:./android-studio/bin/../lib/jna.jar:/usr/lib/jvm/java-7-oracle/lib/tools.jar
PATH=/home/chrismar035/Dropbox/configs/pengwynn-dotfiles/bin:/home/chrismar035/perl5/bin:/home/chrismar035/android-sdk-linux/sdk/tools:/home/chrismar035/android-sdk-linux/sdk/platform-tools:/home/chrismar035/.rbenv/shims:/home/chrismar035/.rbenv/libexec:/home/chrismar035/.rbenv/shims:/home/chrismar035/.rbenv/bin:/home/chrismar035/.rbenv/shims:/home/chrismar035/.rbenv/libexec:/usr/lib/lightdm/lightdm:/usr/local/sbin:/usr/local/bin:/usr/sbin:/usr/bin:/sbin:/bin:/usr/games
LD_LIBRARY_PATH=./android-studio/bin:
SHELL=/bin/zsh
DISPLAY=:0.0

Signal Handlers:
SIGSEGV: [libjvm.so+0x992d50], sa_mask[0]=0x7ffbfeff, sa_flags=0x10000004
SIGBUS: [libjvm.so+0x992d50], sa_mask[0]=0x7ffbfeff, sa_flags=0x10000004
SIGFPE: [libjvm.so+0x80fb00], sa_mask[0]=0x7ffbfeff, sa_flags=0x10000004
SIGPIPE: [libjvm.so+0x80fb00], sa_mask[0]=0x7ffbfeff, sa_flags=0x10000004
SIGXFSZ: [libjvm.so+0x80fb00], sa_mask[0]=0x7ffbfeff, sa_flags=0x10000004
SIGILL: [libjvm.so+0x80fb00], sa_mask[0]=0x7ffbfeff, sa_flags=0x10000004
SIGUSR1: SIG_DFL, sa_mask[0]=0x00000000, sa_flags=0x00000000
SIGUSR2: [libjvm.so+0x810ff0], sa_mask[0]=0x00000004, sa_flags=0x10000004
SIGHUP: [libjvm.so+0x811f60], sa_mask[0]=0x7ffbfeff, sa_flags=0x10000004
SIGINT: [libjvm.so+0x811f60], sa_mask[0]=0x7ffbfeff, sa_flags=0x10000004
SIGTERM: [libjvm.so+0x811f60], sa_mask[0]=0x7ffbfeff, sa_flags=0x10000004
SIGQUIT: [libjvm.so+0x811f60], sa_mask[0]=0x7ffbfeff, sa_flags=0x10000004


---------------  S Y S T E M  ---------------

OS:wheezy/sid

uname:Linux 3.2.0-53-generic #81-Ubuntu SMP Thu Aug 22 21:01:03 UTC 2013 x86_64
libc:glibc 2.15 NPTL 2.15 
rlimit: STACK 8192k, CORE 0k, NPROC 30983, NOFILE 4096, AS infinity
load average:2.35 1.09 0.49

/proc/meminfo:
MemTotal:        4049424 kB
MemFree:           86228 kB
Buffers:            1476 kB
Cached:            79684 kB
SwapCached:            0 kB
Active:          3663904 kB
Inactive:          47616 kB
Active(anon):    3631292 kB
Inactive(anon):    20440 kB
Active(file):      32612 kB
Inactive(file):    27176 kB
Unevictable:          48 kB
Mlocked:              48 kB
SwapTotal:             0 kB
SwapFree:              0 kB
Dirty:                 0 kB
Writeback:             0 kB
AnonPages:       3630380 kB
Mapped:            74992 kB
Shmem:             22336 kB
Slab:              85232 kB
SReclaimable:      43296 kB
SUnreclaim:        41936 kB
KernelStack:        6368 kB
PageTables:        56608 kB
NFS_Unstable:          0 kB
Bounce:                0 kB
WritebackTmp:          0 kB
CommitLimit:     2024712 kB
Committed_AS:    7963108 kB
VmallocTotal:   34359738367 kB
VmallocUsed:      315800 kB
VmallocChunk:   34359412732 kB
HardwareCorrupted:     0 kB
AnonHugePages:         0 kB
HugePages_Total:       0
HugePages_Free:        0
HugePages_Rsvd:        0
HugePages_Surp:        0
Hugepagesize:       2048 kB
DirectMap4k:      814656 kB
DirectMap2M:     3379200 kB
DirectMap1G:           0 kB


CPU:total 4 (4 cores per cpu, 1 threads per core) family 16 model 4 stepping 3, cmov, cx8, fxsr, mmx, sse, sse2, sse3, popcnt, mmxext, 3dnowpref, lzcnt, sse4a, tsc, tscinvbit, tscinv

/proc/cpuinfo:
processor	: 0
vendor_id	: AuthenticAMD
cpu family	: 16
model		: 4
model name	: AMD Phenom(tm) II X4 955 Processor
stepping	: 3
microcode	: 0x10000b6
cpu MHz		: 3200.000
cache size	: 512 KB
physical id	: 0
siblings	: 4
core id		: 0
cpu cores	: 4
apicid		: 0
initial apicid	: 0
fpu		: yes
fpu_exception	: yes
cpuid level	: 5
wp		: yes
flags		: fpu vme de pse tsc msr pae mce cx8 apic sep mtrr pge mca cmov pat pse36 clflush mmx fxsr sse sse2 ht syscall nx mmxext fxsr_opt pdpe1gb rdtscp lm 3dnowext 3dnow constant_tsc rep_good nopl nonstop_tsc extd_apicid pni monitor cx16 popcnt lahf_lm cmp_legacy svm extapic cr8_legacy abm sse4a misalignsse 3dnowprefetch osvw ibs skinit wdt npt lbrv svm_lock nrip_save
bogomips	: 6912.07
TLB size	: 1024 4K pages
clflush size	: 64
cache_alignment	: 64
address sizes	: 48 bits physical, 48 bits virtual
power management: ts ttp tm stc 100mhzsteps hwpstate

processor	: 1
vendor_id	: AuthenticAMD
cpu family	: 16
model		: 4
model name	: AMD Phenom(tm) II X4 955 Processor
stepping	: 3
microcode	: 0x10000b6
cpu MHz		: 3200.000
cache size	: 512 KB
physical id	: 0
siblings	: 4
core id		: 1
cpu cores	: 4
apicid		: 1
initial apicid	: 1
fpu		: yes
fpu_exception	: yes
cpuid level	: 5
wp		: yes
flags		: fpu vme de pse tsc msr pae mce cx8 apic sep mtrr pge mca cmov pat pse36 clflush mmx fxsr sse sse2 ht syscall nx mmxext fxsr_opt pdpe1gb rdtscp lm 3dnowext 3dnow constant_tsc rep_good nopl nonstop_tsc extd_apicid pni monitor cx16 popcnt lahf_lm cmp_legacy svm extapic cr8_legacy abm sse4a misalignsse 3dnowprefetch osvw ibs skinit wdt npt lbrv svm_lock nrip_save
bogomips	: 6912.55
TLB size	: 1024 4K pages
clflush size	: 64
cache_alignment	: 64
address sizes	: 48 bits physical, 48 bits virtual
power management: ts ttp tm stc 100mhzsteps hwpstate

processor	: 2
vendor_id	: AuthenticAMD
cpu family	: 16
model		: 4
model name	: AMD Phenom(tm) II X4 955 Processor
stepping	: 3
microcode	: 0x10000b6
cpu MHz		: 3200.000
cache size	: 512 KB
physical id	: 0
siblings	: 4
core id		: 2
cpu cores	: 4
apicid		: 2
initial apicid	: 2
fpu		: yes
fpu_exception	: yes
cpuid level	: 5
wp		: yes
flags		: fpu vme de pse tsc msr pae mce cx8 apic sep mtrr pge mca cmov pat pse36 clflush mmx fxsr sse sse2 ht syscall nx mmxext fxsr_opt pdpe1gb rdtscp lm 3dnowext 3dnow constant_tsc rep_good nopl nonstop_tsc extd_apicid pni monitor cx16 popcnt lahf_lm cmp_legacy svm extapic cr8_legacy abm sse4a misalignsse 3dnowprefetch osvw ibs skinit wdt npt lbrv svm_lock nrip_save
bogomips	: 6912.55
TLB size	: 1024 4K pages
clflush size	: 64
cache_alignment	: 64
address sizes	: 48 bits physical, 48 bits virtual
power management: ts ttp tm stc 100mhzsteps hwpstate

processor	: 3
vendor_id	: AuthenticAMD
cpu family	: 16
model		: 4
model name	: AMD Phenom(tm) II X4 955 Processor
stepping	: 3
microcode	: 0x10000b6
cpu MHz		: 3200.000
cache size	: 512 KB
physical id	: 0
siblings	: 4
core id		: 3
cpu cores	: 4
apicid		: 3
initial apicid	: 3
fpu		: yes
fpu_exception	: yes
cpuid level	: 5
wp		: yes
flags		: fpu vme de pse tsc msr pae mce cx8 apic sep mtrr pge mca cmov pat pse36 clflush mmx fxsr sse sse2 ht syscall nx mmxext fxsr_opt pdpe1gb rdtscp lm 3dnowext 3dnow constant_tsc rep_good nopl nonstop_tsc extd_apicid pni monitor cx16 popcnt lahf_lm cmp_legacy svm extapic cr8_legacy abm sse4a misalignsse 3dnowprefetch osvw ibs skinit wdt npt lbrv svm_lock nrip_save
bogomips	: 6912.55
TLB size	: 1024 4K pages
clflush size	: 64
cache_alignment	: 64
address sizes	: 48 bits physical, 48 bits virtual
power management: ts ttp tm stc 100mhzsteps hwpstate



Memory: 4k page, physical 4049424k(86228k free), swap 0k(0k free)

vm_info: Java HotSpot(TM) 64-Bit Server VM (24.0-b56) for linux-amd64 JRE (1.7.0_40-b43), built on Aug 26 2013 23:53:33 by "java_re" with gcc 4.3.0 20080428 (Red Hat 4.3.0-8)

time: Wed Sep 25 22:16:33 2013
elapsed time: 10 seconds

